2014/08/11 23:48:18 [error] [exception.CDbException] exception 'CDbException' with message 'CDbConnection failed to open the DB connection: SQLSTATE[28000] [1045] Access denied for user 'root'@'localhost' (using password: NO)' in /Applications/MAMP/htdocs/yii-1.1.14/framework/db/CDbConnection.php:382
Stack trace:
#0 /Applications/MAMP/htdocs/yii-1.1.14/framework/db/CDbConnection.php(330): CDbConnection->open()
#1 /Applications/MAMP/htdocs/yii-1.1.14/framework/db/CDbConnection.php(308): CDbConnection->setActive(true)
#2 /Applications/MAMP/htdocs/yii-1.1.14/framework/base/CModule.php(387): CDbConnection->init()
#3 /Applications/MAMP/htdocs/yii-1.1.14/framework/base/CModule.php(103): CModule->getComponent('db')
#4 /Applications/MAMP/htdocs/yii-1.1.14/framework/gii/generators/model/ModelCode.php(60): CModule->__get('db')
#5 /Applications/MAMP/htdocs/yii-1.1.14/framework/web/CFormModel.php(39): ModelCode->init()
#6 /Applications/MAMP/htdocs/yii-1.1.14/framework/gii/CCodeGenerator.php(153): CFormModel->__construct()
#7 /Applications/MAMP/htdocs/yii-1.1.14/framework/gii/CCodeGenerator.php(63): CCodeGenerator->prepare()
#8 /Applications/MAMP/htdocs/yii-1.1.14/framework/web/actions/CInlineAction.php(49): CCodeGenerator->actionIndex()
#9 /Applications/MAMP/htdocs/yii-1.1.14/framework/web/CController.php(308): CInlineAction->runWithParams(Array)
#10 /Applications/MAMP/htdocs/yii-1.1.14/framework/web/CController.php(286): CController->runAction(Object(CInlineAction))
#11 /Applications/MAMP/htdocs/yii-1.1.14/framework/web/CController.php(265): CController->runActionWithFilters(Object(CInlineAction), Array)
#12 /Applications/MAMP/htdocs/yii-1.1.14/framework/web/CWebApplication.php(282): CController->run('index')
#13 /Applications/MAMP/htdocs/yii-1.1.14/framework/web/CWebApplication.php(141): CWebApplication->runController('gii/model/index')
#14 /Applications/MAMP/htdocs/yii-1.1.14/framework/base/CApplication.php(180): CWebApplication->processRequest()
#15 /Applications/MAMP/htdocs/iris/index.php(13): CApplication->run()
#16 {main}
REQUEST_URI=/iris/index.php/gii/model/index
HTTP_REFERER=http://localhost:8888/iris/index.php/gii/default/index
---
2014/08/11 23:49:44 [error] [exception.CDbException] exception 'CDbException' with message 'CDbConnection failed to open the DB connection: SQLSTATE[28000] [1045] Access denied for user 'root'@'localhost' (using password: NO)' in /Applications/MAMP/htdocs/yii-1.1.14/framework/db/CDbConnection.php:382
Stack trace:
#0 /Applications/MAMP/htdocs/yii-1.1.14/framework/db/CDbConnection.php(330): CDbConnection->open()
#1 /Applications/MAMP/htdocs/yii-1.1.14/framework/db/CDbConnection.php(308): CDbConnection->setActive(true)
#2 /Applications/MAMP/htdocs/yii-1.1.14/framework/base/CModule.php(387): CDbConnection->init()
#3 /Applications/MAMP/htdocs/yii-1.1.14/framework/base/CModule.php(103): CModule->getComponent('db')
#4 /Applications/MAMP/htdocs/yii-1.1.14/framework/gii/generators/model/ModelCode.php(60): CModule->__get('db')
#5 /Applications/MAMP/htdocs/yii-1.1.14/framework/web/CFormModel.php(39): ModelCode->init()
#6 /Applications/MAMP/htdocs/yii-1.1.14/framework/gii/CCodeGenerator.php(153): CFormModel->__construct()
#7 /Applications/MAMP/htdocs/yii-1.1.14/framework/gii/CCodeGenerator.php(63): CCodeGenerator->prepare()
#8 /Applications/MAMP/htdocs/yii-1.1.14/framework/web/actions/CInlineAction.php(49): CCodeGenerator->actionIndex()
#9 /Applications/MAMP/htdocs/yii-1.1.14/framework/web/CController.php(308): CInlineAction->runWithParams(Array)
#10 /Applications/MAMP/htdocs/yii-1.1.14/framework/web/CController.php(286): CController->runAction(Object(CInlineAction))
#11 /Applications/MAMP/htdocs/yii-1.1.14/framework/web/CController.php(265): CController->runActionWithFilters(Object(CInlineAction), Array)
#12 /Applications/MAMP/htdocs/yii-1.1.14/framework/web/CWebApplication.php(282): CController->run('index')
#13 /Applications/MAMP/htdocs/yii-1.1.14/framework/web/CWebApplication.php(141): CWebApplication->runController('gii/model/index')
#14 /Applications/MAMP/htdocs/yii-1.1.14/framework/base/CApplication.php(180): CWebApplication->processRequest()
#15 /Applications/MAMP/htdocs/iris/index.php(13): CApplication->run()
#16 {main}
REQUEST_URI=/iris/index.php/gii/model/index
HTTP_REFERER=http://localhost:8888/iris/index.php/gii/default/index
---
2014/08/19 06:26:07 [error] [php] htmlspecialchars() expects parameter 1 to be string, array given (/Applications/MAMP/htdocs/yii-1.1.14/framework/web/helpers/CHtml.php:103)
Stack trace:
#0 /Applications/MAMP/htdocs/yii-1.1.14/framework/web/helpers/CHtml.php(158): renderAttributes()
#1 /Applications/MAMP/htdocs/yii-1.1.14/framework/web/helpers/CHtml.php(465): tag()
#2 /Applications/MAMP/htdocs/iris/protected/views/site/login.php(29): button()
#3 /Applications/MAMP/htdocs/yii-1.1.14/framework/web/CBaseController.php(126): require()
#4 /Applications/MAMP/htdocs/yii-1.1.14/framework/web/CBaseController.php(95): SiteController->renderInternal()
#5 /Applications/MAMP/htdocs/yii-1.1.14/framework/web/CController.php(869): SiteController->renderFile()
#6 /Applications/MAMP/htdocs/yii-1.1.14/framework/web/CController.php(782): SiteController->renderPartial()
#7 /Applications/MAMP/htdocs/iris/protected/controllers/SiteController.php(98): SiteController->render()
#8 /Applications/MAMP/htdocs/yii-1.1.14/framework/web/actions/CInlineAction.php(49): SiteController->actionLogin()
#9 /Applications/MAMP/htdocs/yii-1.1.14/framework/web/CController.php(308): CInlineAction->runWithParams()
#10 /Applications/MAMP/htdocs/yii-1.1.14/framework/web/CController.php(286): SiteController->runAction()
#11 /Applications/MAMP/htdocs/yii-1.1.14/framework/web/CController.php(265): SiteController->runActionWithFilters()
#12 /Applications/MAMP/htdocs/yii-1.1.14/framework/web/CWebApplication.php(282): SiteController->run()
#13 /Applications/MAMP/htdocs/yii-1.1.14/framework/web/CWebApplication.php(141): CWebApplication->runController()
#14 /Applications/MAMP/htdocs/yii-1.1.14/framework/base/CApplication.php(180): CWebApplication->processRequest()
#15 /Applications/MAMP/htdocs/iris/index.php(13): CWebApplication->run()
REQUEST_URI=/iris/index.php/site/login
in /Applications/MAMP/htdocs/iris/protected/views/site/login.php (29)
in /Applications/MAMP/htdocs/iris/protected/controllers/SiteController.php (98)
in /Applications/MAMP/htdocs/iris/index.php (13)
2014/08/19 06:26:28 [error] [php] htmlspecialchars() expects parameter 1 to be string, array given (/Applications/MAMP/htdocs/yii-1.1.14/framework/web/helpers/CHtml.php:103)
Stack trace:
#0 /Applications/MAMP/htdocs/yii-1.1.14/framework/web/helpers/CHtml.php(158): renderAttributes()
#1 /Applications/MAMP/htdocs/yii-1.1.14/framework/web/helpers/CHtml.php(465): tag()
#2 /Applications/MAMP/htdocs/iris/protected/views/site/login.php(29): button()
#3 /Applications/MAMP/htdocs/yii-1.1.14/framework/web/CBaseController.php(126): require()
#4 /Applications/MAMP/htdocs/yii-1.1.14/framework/web/CBaseController.php(95): SiteController->renderInternal()
#5 /Applications/MAMP/htdocs/yii-1.1.14/framework/web/CController.php(869): SiteController->renderFile()
#6 /Applications/MAMP/htdocs/yii-1.1.14/framework/web/CController.php(782): SiteController->renderPartial()
#7 /Applications/MAMP/htdocs/iris/protected/controllers/SiteController.php(98): SiteController->render()
#8 /Applications/MAMP/htdocs/yii-1.1.14/framework/web/actions/CInlineAction.php(49): SiteController->actionLogin()
#9 /Applications/MAMP/htdocs/yii-1.1.14/framework/web/CController.php(308): CInlineAction->runWithParams()
#10 /Applications/MAMP/htdocs/yii-1.1.14/framework/web/CController.php(286): SiteController->runAction()
#11 /Applications/MAMP/htdocs/yii-1.1.14/framework/web/CController.php(265): SiteController->runActionWithFilters()
#12 /Applications/MAMP/htdocs/yii-1.1.14/framework/web/CWebApplication.php(282): SiteController->run()
#13 /Applications/MAMP/htdocs/yii-1.1.14/framework/web/CWebApplication.php(141): CWebApplication->runController()
#14 /Applications/MAMP/htdocs/yii-1.1.14/framework/base/CApplication.php(180): CWebApplication->processRequest()
#15 /Applications/MAMP/htdocs/iris/index.php(13): CWebApplication->run()
REQUEST_URI=/iris/index.php/site/login
in /Applications/MAMP/htdocs/iris/protected/views/site/login.php (29)
in /Applications/MAMP/htdocs/iris/protected/controllers/SiteController.php (98)
in /Applications/MAMP/htdocs/iris/index.php (13)
2014/08/19 06:27:10 [error] [php] htmlspecialchars() expects parameter 1 to be string, array given (/Applications/MAMP/htdocs/yii-1.1.14/framework/web/helpers/CHtml.php:103)
Stack trace:
#0 /Applications/MAMP/htdocs/yii-1.1.14/framework/web/helpers/CHtml.php(158): renderAttributes()
#1 /Applications/MAMP/htdocs/yii-1.1.14/framework/web/helpers/CHtml.php(465): tag()
#2 /Applications/MAMP/htdocs/iris/protected/views/site/login.php(29): button()
#3 /Applications/MAMP/htdocs/yii-1.1.14/framework/web/CBaseController.php(126): require()
#4 /Applications/MAMP/htdocs/yii-1.1.14/framework/web/CBaseController.php(95): SiteController->renderInternal()
#5 /Applications/MAMP/htdocs/yii-1.1.14/framework/web/CController.php(869): SiteController->renderFile()
#6 /Applications/MAMP/htdocs/yii-1.1.14/framework/web/CController.php(782): SiteController->renderPartial()
#7 /Applications/MAMP/htdocs/iris/protected/controllers/SiteController.php(98): SiteController->render()
#8 /Applications/MAMP/htdocs/yii-1.1.14/framework/web/actions/CInlineAction.php(49): SiteController->actionLogin()
#9 /Applications/MAMP/htdocs/yii-1.1.14/framework/web/CController.php(308): CInlineAction->runWithParams()
#10 /Applications/MAMP/htdocs/yii-1.1.14/framework/web/CController.php(286): SiteController->runAction()
#11 /Applications/MAMP/htdocs/yii-1.1.14/framework/web/CController.php(265): SiteController->runActionWithFilters()
#12 /Applications/MAMP/htdocs/yii-1.1.14/framework/web/CWebApplication.php(282): SiteController->run()
#13 /Applications/MAMP/htdocs/yii-1.1.14/framework/web/CWebApplication.php(141): CWebApplication->runController()
#14 /Applications/MAMP/htdocs/yii-1.1.14/framework/base/CApplication.php(180): CWebApplication->processRequest()
#15 /Applications/MAMP/htdocs/iris/index.php(13): CWebApplication->run()
REQUEST_URI=/iris/index.php/site/login
in /Applications/MAMP/htdocs/iris/protected/views/site/login.php (29)
in /Applications/MAMP/htdocs/iris/protected/controllers/SiteController.php (98)
in /Applications/MAMP/htdocs/iris/index.php (13)
2014/08/19 06:27:12 [error] [php] htmlspecialchars() expects parameter 1 to be string, array given (/Applications/MAMP/htdocs/yii-1.1.14/framework/web/helpers/CHtml.php:103)
Stack trace:
#0 /Applications/MAMP/htdocs/yii-1.1.14/framework/web/helpers/CHtml.php(158): renderAttributes()
#1 /Applications/MAMP/htdocs/yii-1.1.14/framework/web/helpers/CHtml.php(465): tag()
#2 /Applications/MAMP/htdocs/iris/protected/views/site/login.php(29): button()
#3 /Applications/MAMP/htdocs/yii-1.1.14/framework/web/CBaseController.php(126): require()
#4 /Applications/MAMP/htdocs/yii-1.1.14/framework/web/CBaseController.php(95): SiteController->renderInternal()
#5 /Applications/MAMP/htdocs/yii-1.1.14/framework/web/CController.php(869): SiteController->renderFile()
#6 /Applications/MAMP/htdocs/yii-1.1.14/framework/web/CController.php(782): SiteController->renderPartial()
#7 /Applications/MAMP/htdocs/iris/protected/controllers/SiteController.php(98): SiteController->render()
#8 /Applications/MAMP/htdocs/yii-1.1.14/framework/web/actions/CInlineAction.php(49): SiteController->actionLogin()
#9 /Applications/MAMP/htdocs/yii-1.1.14/framework/web/CController.php(308): CInlineAction->runWithParams()
#10 /Applications/MAMP/htdocs/yii-1.1.14/framework/web/CController.php(286): SiteController->runAction()
#11 /Applications/MAMP/htdocs/yii-1.1.14/framework/web/CController.php(265): SiteController->runActionWithFilters()
#12 /Applications/MAMP/htdocs/yii-1.1.14/framework/web/CWebApplication.php(282): SiteController->run()
#13 /Applications/MAMP/htdocs/yii-1.1.14/framework/web/CWebApplication.php(141): CWebApplication->runController()
#14 /Applications/MAMP/htdocs/yii-1.1.14/framework/base/CApplication.php(180): CWebApplication->processRequest()
#15 /Applications/MAMP/htdocs/iris/index.php(13): CWebApplication->run()
REQUEST_URI=/iris/index.php/site/login
in /Applications/MAMP/htdocs/iris/protected/views/site/login.php (29)
in /Applications/MAMP/htdocs/iris/protected/controllers/SiteController.php (98)
in /Applications/MAMP/htdocs/iris/index.php (13)
2014/08/19 06:27:12 [error] [php] htmlspecialchars() expects parameter 1 to be string, array given (/Applications/MAMP/htdocs/yii-1.1.14/framework/web/helpers/CHtml.php:103)
Stack trace:
#0 /Applications/MAMP/htdocs/yii-1.1.14/framework/web/helpers/CHtml.php(158): renderAttributes()
#1 /Applications/MAMP/htdocs/yii-1.1.14/framework/web/helpers/CHtml.php(465): tag()
#2 /Applications/MAMP/htdocs/iris/protected/views/site/login.php(29): button()
#3 /Applications/MAMP/htdocs/yii-1.1.14/framework/web/CBaseController.php(126): require()
#4 /Applications/MAMP/htdocs/yii-1.1.14/framework/web/CBaseController.php(95): SiteController->renderInternal()
#5 /Applications/MAMP/htdocs/yii-1.1.14/framework/web/CController.php(869): SiteController->renderFile()
#6 /Applications/MAMP/htdocs/yii-1.1.14/framework/web/CController.php(782): SiteController->renderPartial()
#7 /Applications/MAMP/htdocs/iris/protected/controllers/SiteController.php(98): SiteController->render()
#8 /Applications/MAMP/htdocs/yii-1.1.14/framework/web/actions/CInlineAction.php(49): SiteController->actionLogin()
#9 /Applications/MAMP/htdocs/yii-1.1.14/framework/web/CController.php(308): CInlineAction->runWithParams()
#10 /Applications/MAMP/htdocs/yii-1.1.14/framework/web/CController.php(286): SiteController->runAction()
#11 /Applications/MAMP/htdocs/yii-1.1.14/framework/web/CController.php(265): SiteController->runActionWithFilters()
#12 /Applications/MAMP/htdocs/yii-1.1.14/framework/web/CWebApplication.php(282): SiteController->run()
#13 /Applications/MAMP/htdocs/yii-1.1.14/framework/web/CWebApplication.php(141): CWebApplication->runController()
#14 /Applications/MAMP/htdocs/yii-1.1.14/framework/base/CApplication.php(180): CWebApplication->processRequest()
#15 /Applications/MAMP/htdocs/iris/index.php(13): CWebApplication->run()
REQUEST_URI=/iris/index.php/site/login
in /Applications/MAMP/htdocs/iris/protected/views/site/login.php (29)
in /Applications/MAMP/htdocs/iris/protected/controllers/SiteController.php (98)
in /Applications/MAMP/htdocs/iris/index.php (13)
2014/08/19 06:29:15 [error] [php] htmlspecialchars() expects parameter 1 to be string, array given (/Applications/MAMP/htdocs/yii-1.1.14/framework/web/helpers/CHtml.php:103)
Stack trace:
#0 /Applications/MAMP/htdocs/yii-1.1.14/framework/web/helpers/CHtml.php(158): renderAttributes()
#1 /Applications/MAMP/htdocs/yii-1.1.14/framework/web/helpers/CHtml.php(465): tag()
#2 /Applications/MAMP/htdocs/iris/protected/views/site/login.php(29): button()
#3 /Applications/MAMP/htdocs/yii-1.1.14/framework/web/CBaseController.php(126): require()
#4 /Applications/MAMP/htdocs/yii-1.1.14/framework/web/CBaseController.php(95): SiteController->renderInternal()
#5 /Applications/MAMP/htdocs/yii-1.1.14/framework/web/CController.php(869): SiteController->renderFile()
#6 /Applications/MAMP/htdocs/yii-1.1.14/framework/web/CController.php(782): SiteController->renderPartial()
#7 /Applications/MAMP/htdocs/iris/protected/controllers/SiteController.php(98): SiteController->render()
#8 /Applications/MAMP/htdocs/yii-1.1.14/framework/web/actions/CInlineAction.php(49): SiteController->actionLogin()
#9 /Applications/MAMP/htdocs/yii-1.1.14/framework/web/CController.php(308): CInlineAction->runWithParams()
#10 /Applications/MAMP/htdocs/yii-1.1.14/framework/web/CController.php(286): SiteController->runAction()
#11 /Applications/MAMP/htdocs/yii-1.1.14/framework/web/CController.php(265): SiteController->runActionWithFilters()
#12 /Applications/MAMP/htdocs/yii-1.1.14/framework/web/CWebApplication.php(282): SiteController->run()
#13 /Applications/MAMP/htdocs/yii-1.1.14/framework/web/CWebApplication.php(141): CWebApplication->runController()
#14 /Applications/MAMP/htdocs/yii-1.1.14/framework/base/CApplication.php(180): CWebApplication->processRequest()
#15 /Applications/MAMP/htdocs/iris/index.php(13): CWebApplication->run()
REQUEST_URI=/iris/index.php/site/login
in /Applications/MAMP/htdocs/iris/protected/views/site/login.php (29)
in /Applications/MAMP/htdocs/iris/protected/controllers/SiteController.php (98)
in /Applications/MAMP/htdocs/iris/index.php (13)
2014/08/19 06:29:42 [error] [php] htmlspecialchars() expects parameter 1 to be string, array given (/Applications/MAMP/htdocs/yii-1.1.14/framework/web/helpers/CHtml.php:103)
Stack trace:
#0 /Applications/MAMP/htdocs/yii-1.1.14/framework/web/helpers/CHtml.php(158): renderAttributes()
#1 /Applications/MAMP/htdocs/yii-1.1.14/framework/web/helpers/CHtml.php(465): tag()
#2 /Applications/MAMP/htdocs/iris/protected/views/site/login.php(29): button()
#3 /Applications/MAMP/htdocs/yii-1.1.14/framework/web/CBaseController.php(126): require()
#4 /Applications/MAMP/htdocs/yii-1.1.14/framework/web/CBaseController.php(95): SiteController->renderInternal()
#5 /Applications/MAMP/htdocs/yii-1.1.14/framework/web/CController.php(869): SiteController->renderFile()
#6 /Applications/MAMP/htdocs/yii-1.1.14/framework/web/CController.php(782): SiteController->renderPartial()
#7 /Applications/MAMP/htdocs/iris/protected/controllers/SiteController.php(98): SiteController->render()
#8 /Applications/MAMP/htdocs/yii-1.1.14/framework/web/actions/CInlineAction.php(49): SiteController->actionLogin()
#9 /Applications/MAMP/htdocs/yii-1.1.14/framework/web/CController.php(308): CInlineAction->runWithParams()
#10 /Applications/MAMP/htdocs/yii-1.1.14/framework/web/CController.php(286): SiteController->runAction()
#11 /Applications/MAMP/htdocs/yii-1.1.14/framework/web/CController.php(265): SiteController->runActionWithFilters()
#12 /Applications/MAMP/htdocs/yii-1.1.14/framework/web/CWebApplication.php(282): SiteController->run()
#13 /Applications/MAMP/htdocs/yii-1.1.14/framework/web/CWebApplication.php(141): CWebApplication->runController()
#14 /Applications/MAMP/htdocs/yii-1.1.14/framework/base/CApplication.php(180): CWebApplication->processRequest()
#15 /Applications/MAMP/htdocs/iris/index.php(13): CWebApplication->run()
REQUEST_URI=/iris/index.php/site/login
in /Applications/MAMP/htdocs/iris/protected/views/site/login.php (29)
in /Applications/MAMP/htdocs/iris/protected/controllers/SiteController.php (98)
in /Applications/MAMP/htdocs/iris/index.php (13)
2014/08/19 06:30:52 [error] [php] htmlspecialchars() expects parameter 1 to be string, array given (/Applications/MAMP/htdocs/yii-1.1.14/framework/web/helpers/CHtml.php:103)
Stack trace:
#0 /Applications/MAMP/htdocs/yii-1.1.14/framework/web/helpers/CHtml.php(158): renderAttributes()
#1 /Applications/MAMP/htdocs/yii-1.1.14/framework/web/helpers/CHtml.php(465): tag()
#2 /Applications/MAMP/htdocs/iris/protected/views/site/login.php(29): button()
#3 /Applications/MAMP/htdocs/yii-1.1.14/framework/web/CBaseController.php(126): require()
#4 /Applications/MAMP/htdocs/yii-1.1.14/framework/web/CBaseController.php(95): SiteController->renderInternal()
#5 /Applications/MAMP/htdocs/yii-1.1.14/framework/web/CController.php(869): SiteController->renderFile()
#6 /Applications/MAMP/htdocs/yii-1.1.14/framework/web/CController.php(782): SiteController->renderPartial()
#7 /Applications/MAMP/htdocs/iris/protected/controllers/SiteController.php(98): SiteController->render()
#8 /Applications/MAMP/htdocs/yii-1.1.14/framework/web/actions/CInlineAction.php(49): SiteController->actionLogin()
#9 /Applications/MAMP/htdocs/yii-1.1.14/framework/web/CController.php(308): CInlineAction->runWithParams()
#10 /Applications/MAMP/htdocs/yii-1.1.14/framework/web/CController.php(286): SiteController->runAction()
#11 /Applications/MAMP/htdocs/yii-1.1.14/framework/web/CController.php(265): SiteController->runActionWithFilters()
#12 /Applications/MAMP/htdocs/yii-1.1.14/framework/web/CWebApplication.php(282): SiteController->run()
#13 /Applications/MAMP/htdocs/yii-1.1.14/framework/web/CWebApplication.php(141): CWebApplication->runController()
#14 /Applications/MAMP/htdocs/yii-1.1.14/framework/base/CApplication.php(180): CWebApplication->processRequest()
#15 /Applications/MAMP/htdocs/iris/index.php(13): CWebApplication->run()
REQUEST_URI=/iris/index.php/site/login
in /Applications/MAMP/htdocs/iris/protected/views/site/login.php (29)
in /Applications/MAMP/htdocs/iris/protected/controllers/SiteController.php (98)
in /Applications/MAMP/htdocs/iris/index.php (13)
2014/08/19 06:35:16 [error] [exception.CHttpException.404] exception 'CHttpException' with message 'The system is unable to find the requested action "site".' in /Applications/MAMP/htdocs/yii-1.1.14/framework/web/CController.php:483
Stack trace:
#0 /Applications/MAMP/htdocs/yii-1.1.14/framework/web/CController.php(270): CController->missingAction('site')
#1 /Applications/MAMP/htdocs/yii-1.1.14/framework/web/CWebApplication.php(282): CController->run('site')
#2 /Applications/MAMP/htdocs/yii-1.1.14/framework/web/CWebApplication.php(141): CWebApplication->runController('site/site/signu...')
#3 /Applications/MAMP/htdocs/yii-1.1.14/framework/base/CApplication.php(180): CWebApplication->processRequest()
#4 /Applications/MAMP/htdocs/iris/index.php(13): CApplication->run()
#5 {main}
REQUEST_URI=/iris/index.php/site/site/signup
HTTP_REFERER=http://localhost:8888/iris/index.php/site/login
---
2014/08/19 06:35:26 [error] [exception.CHttpException.404] exception 'CHttpException' with message 'The system is unable to find the requested action "signup".' in /Applications/MAMP/htdocs/yii-1.1.14/framework/web/CController.php:483
Stack trace:
#0 /Applications/MAMP/htdocs/yii-1.1.14/framework/web/CController.php(270): CController->missingAction('signup')
#1 /Applications/MAMP/htdocs/yii-1.1.14/framework/web/CWebApplication.php(282): CController->run('signup')
#2 /Applications/MAMP/htdocs/yii-1.1.14/framework/web/CWebApplication.php(141): CWebApplication->runController('site/signup')
#3 /Applications/MAMP/htdocs/yii-1.1.14/framework/base/CApplication.php(180): CWebApplication->processRequest()
#4 /Applications/MAMP/htdocs/iris/index.php(13): CApplication->run()
#5 {main}
REQUEST_URI=/iris/index.php/site/signup
HTTP_REFERER=http://localhost:8888/iris/index.php/site/login
---
2014/08/19 06:35:30 [error] [exception.CHttpException.404] exception 'CHttpException' with message 'The system is unable to find the requested action "signup".' in /Applications/MAMP/htdocs/yii-1.1.14/framework/web/CController.php:483
Stack trace:
#0 /Applications/MAMP/htdocs/yii-1.1.14/framework/web/CController.php(270): CController->missingAction('signup')
#1 /Applications/MAMP/htdocs/yii-1.1.14/framework/web/CWebApplication.php(282): CController->run('signup')
#2 /Applications/MAMP/htdocs/yii-1.1.14/framework/web/CWebApplication.php(141): CWebApplication->runController('site/signup')
#3 /Applications/MAMP/htdocs/yii-1.1.14/framework/base/CApplication.php(180): CWebApplication->processRequest()
#4 /Applications/MAMP/htdocs/iris/index.php(13): CApplication->run()
#5 {main}
REQUEST_URI=/iris/index.php/site/signup
HTTP_REFERER=http://localhost:8888/iris/index.php/site/login
---
2014/08/19 08:04:15 [error] [exception.CException] exception 'CException' with message 'Property "Users.email" is not defined.' in /Applications/MAMP/htdocs/yii-1.1.14/framework/base/CComponent.php:130
Stack trace:
#0 /Applications/MAMP/htdocs/yii-1.1.14/framework/db/ar/CActiveRecord.php(145): CComponent->__get('email')
#1 /Applications/MAMP/htdocs/yii-1.1.14/framework/web/helpers/CHtml.php(2529): CActiveRecord->__get('email')
#2 /Applications/MAMP/htdocs/yii-1.1.14/framework/web/helpers/CHtml.php(2252): CHtml::resolveValue(Object(Users), 'email')
#3 /Applications/MAMP/htdocs/yii-1.1.14/framework/web/helpers/CHtml.php(1434): CHtml::activeInputField('text', Object(Users), 'email', Array)
#4 /Applications/MAMP/htdocs/yii-1.1.14/framework/web/widgets/CActiveForm.php(725): CHtml::activeTextField(Object(Users), 'email', Array)
#5 /Applications/MAMP/htdocs/iris/protected/views/site/signup.php(14): CActiveForm->textField(Object(Users), 'email', Array)
#6 /Applications/MAMP/htdocs/yii-1.1.14/framework/web/CBaseController.php(126): require('/Applications/M...')
#7 /Applications/MAMP/htdocs/yii-1.1.14/framework/web/CBaseController.php(95): CBaseController->renderInternal('/Applications/M...', Array, true)
#8 /Applications/MAMP/htdocs/yii-1.1.14/framework/web/CController.php(869): CBaseController->renderFile('/Applications/M...', Array, true)
#9 /Applications/MAMP/htdocs/yii-1.1.14/framework/web/CController.php(782): CController->renderPartial('signup', Array, true)
#10 /Applications/MAMP/htdocs/iris/protected/controllers/SiteController.php(124): CController->render('signup', Array)
#11 /Applications/MAMP/htdocs/yii-1.1.14/framework/web/actions/CInlineAction.php(49): SiteController->actionSignup()
#12 /Applications/MAMP/htdocs/yii-1.1.14/framework/web/CController.php(308): CInlineAction->runWithParams(Array)
#13 /Applications/MAMP/htdocs/yii-1.1.14/framework/web/CController.php(286): CController->runAction(Object(CInlineAction))
#14 /Applications/MAMP/htdocs/yii-1.1.14/framework/web/CController.php(265): CController->runActionWithFilters(Object(CInlineAction), Array)
#15 /Applications/MAMP/htdocs/yii-1.1.14/framework/web/CWebApplication.php(282): CController->run('signup')
#16 /Applications/MAMP/htdocs/yii-1.1.14/framework/web/CWebApplication.php(141): CWebApplication->runController('site/signup')
#17 /Applications/MAMP/htdocs/yii-1.1.14/framework/base/CApplication.php(180): CWebApplication->processRequest()
#18 /Applications/MAMP/htdocs/iris/index.php(13): CApplication->run()
#19 {main}
REQUEST_URI=/iris/index.php/site/signup
HTTP_REFERER=http://localhost:8888/iris/index.php/site/login
---
2014/08/19 09:45:32 [error] [php] include(SignUpForm.php): failed to open stream: No such file or directory (/Applications/MAMP/htdocs/yii-1.1.14/framework/YiiBase.php:427)
Stack trace:
#0 /Applications/MAMP/htdocs/iris/protected/controllers/SiteController.php(106): spl_autoload_call()
#1 /Applications/MAMP/htdocs/yii-1.1.14/framework/web/actions/CInlineAction.php(49): SiteController->actionSignup()
#2 /Applications/MAMP/htdocs/yii-1.1.14/framework/web/CController.php(308): CInlineAction->runWithParams()
#3 /Applications/MAMP/htdocs/yii-1.1.14/framework/web/CController.php(286): SiteController->runAction()
#4 /Applications/MAMP/htdocs/yii-1.1.14/framework/web/CController.php(265): SiteController->runActionWithFilters()
#5 /Applications/MAMP/htdocs/yii-1.1.14/framework/web/CWebApplication.php(282): SiteController->run()
#6 /Applications/MAMP/htdocs/yii-1.1.14/framework/web/CWebApplication.php(141): CWebApplication->runController()
#7 /Applications/MAMP/htdocs/yii-1.1.14/framework/base/CApplication.php(180): CWebApplication->processRequest()
#8 /Applications/MAMP/htdocs/iris/index.php(13): CWebApplication->run()
REQUEST_URI=/iris/index.php/site/signup
in /Applications/MAMP/htdocs/iris/protected/controllers/SiteController.php (106)
in /Applications/MAMP/htdocs/iris/index.php (13)
2014/08/19 09:47:29 [warning] [application] Failed to set unsafe attribute "image" of "Users".
in /Applications/MAMP/htdocs/iris/protected/controllers/SiteController.php (118)
in /Applications/MAMP/htdocs/iris/index.php (13)
2014/08/19 09:47:36 [warning] [application] Failed to set unsafe attribute "image" of "Users".
in /Applications/MAMP/htdocs/iris/protected/controllers/SiteController.php (118)
in /Applications/MAMP/htdocs/iris/index.php (13)
2014/08/19 09:48:14 [warning] [application] Failed to set unsafe attribute "image" of "Users".
in /Applications/MAMP/htdocs/iris/protected/controllers/SiteController.php (118)
in /Applications/MAMP/htdocs/iris/index.php (13)
2014/08/19 09:58:00 [warning] [application] Failed to set unsafe attribute "image" of "Users".
in /Applications/MAMP/htdocs/iris/protected/controllers/SiteController.php (118)
in /Applications/MAMP/htdocs/iris/index.php (13)
2014/08/19 09:58:24 [warning] [application] Failed to set unsafe attribute "image" of "Users".
in /Applications/MAMP/htdocs/iris/protected/controllers/SiteController.php (118)
in /Applications/MAMP/htdocs/iris/index.php (13)
2014/08/19 11:01:55 [error] [system.db.CDbCommand] CDbCommand::execute() failed: SQLSTATE[23000]: Integrity constraint violation: 1062 Duplicate entry 'a' for key 'email_address'. The SQL statement executed was: INSERT INTO `users` (`is_posted`, `username`, `email_address`, `password`, `caps`) VALUES (:yp0, :yp1, :yp2, :yp3, :yp4).
in /Applications/MAMP/htdocs/iris/protected/controllers/SiteController.php (127)
in /Applications/MAMP/htdocs/iris/index.php (13)
2014/08/19 11:01:55 [error] [exception.CDbException] exception 'CDbException' with message 'CDbCommand failed to execute the SQL statement: SQLSTATE[23000]: Integrity constraint violation: 1062 Duplicate entry 'a' for key 'email_address'. The SQL statement executed was: INSERT INTO `users` (`is_posted`, `username`, `email_address`, `password`, `caps`) VALUES (:yp0, :yp1, :yp2, :yp3, :yp4)' in /Applications/MAMP/htdocs/yii-1.1.14/framework/db/CDbCommand.php:358
Stack trace:
#0 /Applications/MAMP/htdocs/yii-1.1.14/framework/db/ar/CActiveRecord.php(1077): CDbCommand->execute()
#1 /Applications/MAMP/htdocs/yii-1.1.14/framework/db/ar/CActiveRecord.php(806): CActiveRecord->insert(NULL)
#2 /Applications/MAMP/htdocs/iris/protected/controllers/SiteController.php(127): CActiveRecord->save()
#3 /Applications/MAMP/htdocs/yii-1.1.14/framework/web/actions/CInlineAction.php(49): SiteController->actionSignup()
#4 /Applications/MAMP/htdocs/yii-1.1.14/framework/web/CController.php(308): CInlineAction->runWithParams(Array)
#5 /Applications/MAMP/htdocs/yii-1.1.14/framework/web/CController.php(286): CController->runAction(Object(CInlineAction))
#6 /Applications/MAMP/htdocs/yii-1.1.14/framework/web/CController.php(265): CController->runActionWithFilters(Object(CInlineAction), Array)
#7 /Applications/MAMP/htdocs/yii-1.1.14/framework/web/CWebApplication.php(282): CController->run('signup')
#8 /Applications/MAMP/htdocs/yii-1.1.14/framework/web/CWebApplication.php(141): CWebApplication->runController('site/signup')
#9 /Applications/MAMP/htdocs/yii-1.1.14/framework/base/CApplication.php(180): CWebApplication->processRequest()
#10 /Applications/MAMP/htdocs/iris/index.php(13): CApplication->run()
#11 {main}
REQUEST_URI=/iris/index.php/site/signup
HTTP_REFERER=http://localhost:8888/iris/index.php/site/signup
---
2014/08/19 11:08:24 [warning] [application] Failed to set unsafe attribute "image" of "Users".
in /Applications/MAMP/htdocs/iris/protected/controllers/SiteController.php (118)
in /Applications/MAMP/htdocs/iris/index.php (13)
2014/08/19 11:11:31 [warning] [application] Failed to set unsafe attribute "image" of "Users".
in /Applications/MAMP/htdocs/iris/protected/controllers/SiteController.php (118)
in /Applications/MAMP/htdocs/iris/index.php (13)
2014/08/19 11:11:36 [warning] [application] Failed to set unsafe attribute "image" of "Users".
in /Applications/MAMP/htdocs/iris/protected/controllers/SiteController.php (118)
in /Applications/MAMP/htdocs/iris/index.php (13)
2014/08/19 11:12:03 [warning] [application] Failed to set unsafe attribute "image" of "Users".
in /Applications/MAMP/htdocs/iris/protected/controllers/SiteController.php (111)
in /Applications/MAMP/htdocs/iris/index.php (13)
2014/08/19 11:12:06 [error] [exception.CException] exception 'CException' with message 'Property "Users.confirmpassword" is not defined.' in /Applications/MAMP/htdocs/yii-1.1.14/framework/base/CComponent.php:130
Stack trace:
#0 /Applications/MAMP/htdocs/yii-1.1.14/framework/db/ar/CActiveRecord.php(145): CComponent->__get('confirmpassword')
#1 /Applications/MAMP/htdocs/yii-1.1.14/framework/web/helpers/CHtml.php(2529): CActiveRecord->__get('confirmpassword')
#2 /Applications/MAMP/htdocs/yii-1.1.14/framework/web/helpers/CHtml.php(2252): CHtml::resolveValue(Object(Users), 'confirmpassword')
#3 /Applications/MAMP/htdocs/yii-1.1.14/framework/web/helpers/CHtml.php(1628): CHtml::activeInputField('password', Object(Users), 'confirmpassword', Array)
#4 /Applications/MAMP/htdocs/yii-1.1.14/framework/web/widgets/CActiveForm.php(771): CHtml::activePasswordField(Object(Users), 'confirmpassword', Array)
#5 /Applications/MAMP/htdocs/iris/protected/views/site/signup.php(22): CActiveForm->passwordField(Object(Users), 'confirmpassword', Array)
#6 /Applications/MAMP/htdocs/yii-1.1.14/framework/web/CBaseController.php(126): require('/Applications/M...')
#7 /Applications/MAMP/htdocs/yii-1.1.14/framework/web/CBaseController.php(95): CBaseController->renderInternal('/Applications/M...', Array, true)
#8 /Applications/MAMP/htdocs/yii-1.1.14/framework/web/CController.php(869): CBaseController->renderFile('/Applications/M...', Array, true)
#9 /Applications/MAMP/htdocs/yii-1.1.14/framework/web/CController.php(782): CController->renderPartial('signup', Array, true)
#10 /Applications/MAMP/htdocs/iris/protected/controllers/SiteController.php(123): CController->render('signup', Array)
#11 /Applications/MAMP/htdocs/yii-1.1.14/framework/web/actions/CInlineAction.php(49): SiteController->actionSignup()
#12 /Applications/MAMP/htdocs/yii-1.1.14/framework/web/CController.php(308): CInlineAction->runWithParams(Array)
#13 /Applications/MAMP/htdocs/yii-1.1.14/framework/web/CController.php(286): CController->runAction(Object(CInlineAction))
#14 /Applications/MAMP/htdocs/yii-1.1.14/framework/web/CController.php(265): CController->runActionWithFilters(Object(CInlineAction), Array)
#15 /Applications/MAMP/htdocs/yii-1.1.14/framework/web/CWebApplication.php(282): CController->run('signup')
#16 /Applications/MAMP/htdocs/yii-1.1.14/framework/web/CWebApplication.php(141): CWebApplication->runController('site/signup')
#17 /Applications/MAMP/htdocs/yii-1.1.14/framework/base/CApplication.php(180): CWebApplication->processRequest()
#18 /Applications/MAMP/htdocs/iris/index.php(13): CApplication->run()
#19 {main}
REQUEST_URI=/iris/index.php/site/signup
HTTP_REFERER=http://localhost:8888/iris/index.php/site/signup
---
2014/08/19 11:13:08 [error] [php] strpos() expects parameter 1 to be string, array given (/Applications/MAMP/htdocs/yii-1.1.14/framework/web/helpers/CHtml.php:2477)
Stack trace:
#0 /Applications/MAMP/htdocs/yii-1.1.14/framework/web/helpers/CHtml.php(1626): resolveNameID()
#1 /Applications/MAMP/htdocs/yii-1.1.14/framework/web/widgets/CActiveForm.php(771): activePasswordField()
#2 /Applications/MAMP/htdocs/iris/protected/views/site/signup.php(22): CActiveForm->passwordField()
#3 /Applications/MAMP/htdocs/yii-1.1.14/framework/web/CBaseController.php(126): require()
#4 /Applications/MAMP/htdocs/yii-1.1.14/framework/web/CBaseController.php(95): SiteController->renderInternal()
#5 /Applications/MAMP/htdocs/yii-1.1.14/framework/web/CController.php(869): SiteController->renderFile()
#6 /Applications/MAMP/htdocs/yii-1.1.14/framework/web/CController.php(782): SiteController->renderPartial()
#7 /Applications/MAMP/htdocs/iris/protected/controllers/SiteController.php(123): SiteController->render()
#8 /Applications/MAMP/htdocs/yii-1.1.14/framework/web/actions/CInlineAction.php(49): SiteController->actionSignup()
#9 /Applications/MAMP/htdocs/yii-1.1.14/framework/web/CController.php(308): CInlineAction->runWithParams()
#10 /Applications/MAMP/htdocs/yii-1.1.14/framework/web/CController.php(286): SiteController->runAction()
#11 /Applications/MAMP/htdocs/yii-1.1.14/framework/web/CController.php(265): SiteController->runActionWithFilters()
#12 /Applications/MAMP/htdocs/yii-1.1.14/framework/web/CWebApplication.php(282): SiteController->run()
#13 /Applications/MAMP/htdocs/yii-1.1.14/framework/web/CWebApplication.php(141): CWebApplication->runController()
#14 /Applications/MAMP/htdocs/yii-1.1.14/framework/base/CApplication.php(180): CWebApplication->processRequest()
#15 /Applications/MAMP/htdocs/iris/index.php(13): CWebApplication->run()
REQUEST_URI=/iris/index.php/site/signup
in /Applications/MAMP/htdocs/iris/protected/views/site/signup.php (22)
in /Applications/MAMP/htdocs/iris/protected/controllers/SiteController.php (123)
in /Applications/MAMP/htdocs/iris/index.php (13)
2014/08/19 11:13:19 [error] [exception.CException] exception 'CException' with message 'Property "Users.confirmpassword" is not defined.' in /Applications/MAMP/htdocs/yii-1.1.14/framework/base/CComponent.php:130
Stack trace:
#0 /Applications/MAMP/htdocs/yii-1.1.14/framework/db/ar/CActiveRecord.php(145): CComponent->__get('confirmpassword')
#1 /Applications/MAMP/htdocs/yii-1.1.14/framework/web/helpers/CHtml.php(2529): CActiveRecord->__get('confirmpassword')
#2 /Applications/MAMP/htdocs/yii-1.1.14/framework/web/helpers/CHtml.php(2252): CHtml::resolveValue(Object(Users), 'confirmpassword')
#3 /Applications/MAMP/htdocs/yii-1.1.14/framework/web/helpers/CHtml.php(1628): CHtml::activeInputField('password', Object(Users), 'confirmpassword', Array)
#4 /Applications/MAMP/htdocs/yii-1.1.14/framework/web/widgets/CActiveForm.php(771): CHtml::activePasswordField(Object(Users), 'confirmpassword', Array)
#5 /Applications/MAMP/htdocs/iris/protected/views/site/signup.php(22): CActiveForm->passwordField(Object(Users), 'confirmpassword', Array)
#6 /Applications/MAMP/htdocs/yii-1.1.14/framework/web/CBaseController.php(126): require('/Applications/M...')
#7 /Applications/MAMP/htdocs/yii-1.1.14/framework/web/CBaseController.php(95): CBaseController->renderInternal('/Applications/M...', Array, true)
#8 /Applications/MAMP/htdocs/yii-1.1.14/framework/web/CController.php(869): CBaseController->renderFile('/Applications/M...', Array, true)
#9 /Applications/MAMP/htdocs/yii-1.1.14/framework/web/CController.php(782): CController->renderPartial('signup', Array, true)
#10 /Applications/MAMP/htdocs/iris/protected/controllers/SiteController.php(123): CController->render('signup', Array)
#11 /Applications/MAMP/htdocs/yii-1.1.14/framework/web/actions/CInlineAction.php(49): SiteController->actionSignup()
#12 /Applications/MAMP/htdocs/yii-1.1.14/framework/web/CController.php(308): CInlineAction->runWithParams(Array)
#13 /Applications/MAMP/htdocs/yii-1.1.14/framework/web/CController.php(286): CController->runAction(Object(CInlineAction))
#14 /Applications/MAMP/htdocs/yii-1.1.14/framework/web/CController.php(265): CController->runActionWithFilters(Object(CInlineAction), Array)
#15 /Applications/MAMP/htdocs/yii-1.1.14/framework/web/CWebApplication.php(282): CController->run('signup')
#16 /Applications/MAMP/htdocs/yii-1.1.14/framework/web/CWebApplication.php(141): CWebApplication->runController('site/signup')
#17 /Applications/MAMP/htdocs/yii-1.1.14/framework/base/CApplication.php(180): CWebApplication->processRequest()
#18 /Applications/MAMP/htdocs/iris/index.php(13): CApplication->run()
#19 {main}
REQUEST_URI=/iris/index.php/site/signup
HTTP_REFERER=http://localhost:8888/iris/index.php/site/signup
---
2014/08/19 11:18:15 [error] [exception.CException] exception 'CException' with message 'Property "Users.password_repeat" is not defined.' in /Applications/MAMP/htdocs/yii-1.1.14/framework/base/CComponent.php:130
Stack trace:
#0 /Applications/MAMP/htdocs/yii-1.1.14/framework/db/ar/CActiveRecord.php(145): CComponent->__get('password_repeat')
#1 /Applications/MAMP/htdocs/yii-1.1.14/framework/web/helpers/CHtml.php(2529): CActiveRecord->__get('password_repeat')
#2 /Applications/MAMP/htdocs/yii-1.1.14/framework/web/helpers/CHtml.php(2252): CHtml::resolveValue(Object(Users), 'password_repeat')
#3 /Applications/MAMP/htdocs/yii-1.1.14/framework/web/helpers/CHtml.php(1628): CHtml::activeInputField('password', Object(Users), 'password_repeat', Array)
#4 /Applications/MAMP/htdocs/yii-1.1.14/framework/web/widgets/CActiveForm.php(771): CHtml::activePasswordField(Object(Users), 'password_repeat', Array)
#5 /Applications/MAMP/htdocs/iris/protected/views/site/signup.php(22): CActiveForm->passwordField(Object(Users), 'password_repeat', Array)
#6 /Applications/MAMP/htdocs/yii-1.1.14/framework/web/CBaseController.php(126): require('/Applications/M...')
#7 /Applications/MAMP/htdocs/yii-1.1.14/framework/web/CBaseController.php(95): CBaseController->renderInternal('/Applications/M...', Array, true)
#8 /Applications/MAMP/htdocs/yii-1.1.14/framework/web/CController.php(869): CBaseController->renderFile('/Applications/M...', Array, true)
#9 /Applications/MAMP/htdocs/yii-1.1.14/framework/web/CController.php(782): CController->renderPartial('signup', Array, true)
#10 /Applications/MAMP/htdocs/iris/protected/controllers/SiteController.php(126): CController->render('signup', Array)
#11 /Applications/MAMP/htdocs/yii-1.1.14/framework/web/actions/CInlineAction.php(49): SiteController->actionSignup()
#12 /Applications/MAMP/htdocs/yii-1.1.14/framework/web/CController.php(308): CInlineAction->runWithParams(Array)
#13 /Applications/MAMP/htdocs/yii-1.1.14/framework/web/CController.php(286): CController->runAction(Object(CInlineAction))
#14 /Applications/MAMP/htdocs/yii-1.1.14/framework/web/CController.php(265): CController->runActionWithFilters(Object(CInlineAction), Array)
#15 /Applications/MAMP/htdocs/yii-1.1.14/framework/web/CWebApplication.php(282): CController->run('signup')
#16 /Applications/MAMP/htdocs/yii-1.1.14/framework/web/CWebApplication.php(141): CWebApplication->runController('site/signup')
#17 /Applications/MAMP/htdocs/yii-1.1.14/framework/base/CApplication.php(180): CWebApplication->processRequest()
#18 /Applications/MAMP/htdocs/iris/index.php(13): CApplication->run()
#19 {main}
REQUEST_URI=/iris/index.php/site/signup
HTTP_REFERER=http://localhost:8888/iris/index.php/site/signup
---
2014/08/19 11:21:30 [error] [exception.CException] exception 'CException' with message 'Property "Users.password_repeat" is not defined.' in /Applications/MAMP/htdocs/yii-1.1.14/framework/base/CComponent.php:130
Stack trace:
#0 /Applications/MAMP/htdocs/yii-1.1.14/framework/db/ar/CActiveRecord.php(145): CComponent->__get('password_repeat')
#1 /Applications/MAMP/htdocs/yii-1.1.14/framework/web/helpers/CHtml.php(2529): CActiveRecord->__get('password_repeat')
#2 /Applications/MAMP/htdocs/yii-1.1.14/framework/web/helpers/CHtml.php(2252): CHtml::resolveValue(Object(Users), 'password_repeat')
#3 /Applications/MAMP/htdocs/yii-1.1.14/framework/web/helpers/CHtml.php(1628): CHtml::activeInputField('password', Object(Users), 'password_repeat', Array)
#4 /Applications/MAMP/htdocs/yii-1.1.14/framework/web/widgets/CActiveForm.php(771): CHtml::activePasswordField(Object(Users), 'password_repeat', Array)
#5 /Applications/MAMP/htdocs/iris/protected/views/site/signup.php(22): CActiveForm->passwordField(Object(Users), 'password_repeat', Array)
#6 /Applications/MAMP/htdocs/yii-1.1.14/framework/web/CBaseController.php(126): require('/Applications/M...')
#7 /Applications/MAMP/htdocs/yii-1.1.14/framework/web/CBaseController.php(95): CBaseController->renderInternal('/Applications/M...', Array, true)
#8 /Applications/MAMP/htdocs/yii-1.1.14/framework/web/CController.php(869): CBaseController->renderFile('/Applications/M...', Array, true)
#9 /Applications/MAMP/htdocs/yii-1.1.14/framework/web/CController.php(782): CController->renderPartial('signup', Array, true)
#10 /Applications/MAMP/htdocs/iris/protected/controllers/SiteController.php(126): CController->render('signup', Array)
#11 /Applications/MAMP/htdocs/yii-1.1.14/framework/web/actions/CInlineAction.php(49): SiteController->actionSignup()
#12 /Applications/MAMP/htdocs/yii-1.1.14/framework/web/CController.php(308): CInlineAction->runWithParams(Array)
#13 /Applications/MAMP/htdocs/yii-1.1.14/framework/web/CController.php(286): CController->runAction(Object(CInlineAction))
#14 /Applications/MAMP/htdocs/yii-1.1.14/framework/web/CController.php(265): CController->runActionWithFilters(Object(CInlineAction), Array)
#15 /Applications/MAMP/htdocs/yii-1.1.14/framework/web/CWebApplication.php(282): CController->run('signup')
#16 /Applications/MAMP/htdocs/yii-1.1.14/framework/web/CWebApplication.php(141): CWebApplication->runController('site/signup')
#17 /Applications/MAMP/htdocs/yii-1.1.14/framework/base/CApplication.php(180): CWebApplication->processRequest()
#18 /Applications/MAMP/htdocs/iris/index.php(13): CApplication->run()
#19 {main}
REQUEST_URI=/iris/index.php/site/signup
HTTP_REFERER=http://localhost:8888/iris/index.php/site/signup
---
2014/08/19 11:39:23 [warning] [application] Failed to set unsafe attribute "password_repeat" of "Users".
in /Applications/MAMP/htdocs/iris/protected/controllers/SiteController.php (111)
in /Applications/MAMP/htdocs/iris/index.php (13)
2014/08/19 11:39:23 [warning] [application] Failed to set unsafe attribute "image" of "Users".
in /Applications/MAMP/htdocs/iris/protected/controllers/SiteController.php (111)
in /Applications/MAMP/htdocs/iris/index.php (13)
2014/08/19 11:41:37 [warning] [application] Failed to set unsafe attribute "password_repeat" of "Users".
in /Applications/MAMP/htdocs/iris/protected/controllers/SiteController.php (111)
in /Applications/MAMP/htdocs/iris/index.php (13)
2014/08/19 11:41:37 [warning] [application] Failed to set unsafe attribute "image" of "Users".
in /Applications/MAMP/htdocs/iris/protected/controllers/SiteController.php (111)
in /Applications/MAMP/htdocs/iris/index.php (13)
2014/08/19 11:41:46 [warning] [application] Failed to set unsafe attribute "password_repeat" of "Users".
in /Applications/MAMP/htdocs/iris/protected/controllers/SiteController.php (111)
in /Applications/MAMP/htdocs/iris/index.php (13)
2014/08/19 11:41:46 [warning] [application] Failed to set unsafe attribute "image" of "Users".
in /Applications/MAMP/htdocs/iris/protected/controllers/SiteController.php (111)
in /Applications/MAMP/htdocs/iris/index.php (13)
2014/08/19 11:41:59 [warning] [application] Failed to set unsafe attribute "password_repeat" of "Users".
in /Applications/MAMP/htdocs/iris/protected/controllers/SiteController.php (111)
in /Applications/MAMP/htdocs/iris/index.php (13)
2014/08/19 11:41:59 [warning] [application] Failed to set unsafe attribute "image" of "Users".
in /Applications/MAMP/htdocs/iris/protected/controllers/SiteController.php (111)
in /Applications/MAMP/htdocs/iris/index.php (13)
2014/08/19 11:54:02 [warning] [application] Failed to set unsafe attribute "password_repeat" of "Users".
in /Applications/MAMP/htdocs/iris/protected/controllers/SiteController.php (111)
in /Applications/MAMP/htdocs/iris/index.php (13)
2014/08/19 11:54:02 [warning] [application] Failed to set unsafe attribute "image" of "Users".
in /Applications/MAMP/htdocs/iris/protected/controllers/SiteController.php (111)
in /Applications/MAMP/htdocs/iris/index.php (13)
2014/08/19 11:54:05 [warning] [application] Failed to set unsafe attribute "password_repeat" of "Users".
in /Applications/MAMP/htdocs/iris/protected/controllers/SiteController.php (111)
in /Applications/MAMP/htdocs/iris/index.php (13)
2014/08/19 11:54:05 [warning] [application] Failed to set unsafe attribute "image" of "Users".
in /Applications/MAMP/htdocs/iris/protected/controllers/SiteController.php (111)
in /Applications/MAMP/htdocs/iris/index.php (13)
2014/08/19 11:55:55 [error] [exception.CException] exception 'CException' with message 'CAssetManager.basePath "/Applications/MAMP/htdocs/iris/assets" is invalid. Please make sure the directory exists and is writable by the Web server process.' in /Applications/MAMP/htdocs/yii-1.1.14/framework/web/CAssetManager.php:138
Stack trace:
#0 /Applications/MAMP/htdocs/yii-1.1.14/framework/web/CAssetManager.php(123): CAssetManager->setBasePath('/Applications/M...')
#1 /Applications/MAMP/htdocs/yii-1.1.14/framework/web/CAssetManager.php(217): CAssetManager->getBasePath()
#2 /Applications/MAMP/htdocs/yii-1.1.14/framework/web/CClientScript.php(510): CAssetManager->publish('/Applications/M...')
#3 /Applications/MAMP/htdocs/yii-1.1.14/framework/web/CClientScript.php(547): CClientScript->getCoreScriptUrl()
#4 /Applications/MAMP/htdocs/yii-1.1.14/framework/web/CClientScript.php(348): CClientScript->getPackageBaseUrl('jquery')
#5 /Applications/MAMP/htdocs/yii-1.1.14/framework/web/CClientScript.php(208): CClientScript->renderCoreScripts()
#6 /Applications/MAMP/htdocs/yii-1.1.14/framework/web/CController.php(351): CClientScript->render('<!DOCTYPE html ...')
#7 /Applications/MAMP/htdocs/yii-1.1.14/framework/web/CController.php(788): CController->processOutput('<!DOCTYPE html ...')
#8 /Applications/MAMP/htdocs/iris/protected/controllers/SiteController.php(126): CController->render('signup', Array)
#9 /Applications/MAMP/htdocs/yii-1.1.14/framework/web/actions/CInlineAction.php(49): SiteController->actionSignup()
#10 /Applications/MAMP/htdocs/yii-1.1.14/framework/web/CController.php(308): CInlineAction->runWithParams(Array)
#11 /Applications/MAMP/htdocs/yii-1.1.14/framework/web/CController.php(286): CController->runAction(Object(CInlineAction))
#12 /Applications/MAMP/htdocs/yii-1.1.14/framework/web/CController.php(265): CController->runActionWithFilters(Object(CInlineAction), Array)
#13 /Applications/MAMP/htdocs/yii-1.1.14/framework/web/CWebApplication.php(282): CController->run('signup')
#14 /Applications/MAMP/htdocs/yii-1.1.14/framework/web/CWebApplication.php(141): CWebApplication->runController('site/signup')
#15 /Applications/MAMP/htdocs/yii-1.1.14/framework/base/CApplication.php(180): CWebApplication->processRequest()
#16 /Applications/MAMP/htdocs/iris/index.php(13): CApplication->run()
#17 {main}
REQUEST_URI=/iris/index.php/site/signup
---
2014/08/19 11:56:46 [error] [exception.CException] exception 'CException' with message 'CAssetManager.basePath "/Applications/MAMP/htdocs/iris/assets" is invalid. Please make sure the directory exists and is writable by the Web server process.' in /Applications/MAMP/htdocs/yii-1.1.14/framework/web/CAssetManager.php:138
Stack trace:
#0 /Applications/MAMP/htdocs/yii-1.1.14/framework/web/CAssetManager.php(123): CAssetManager->setBasePath('/Applications/M...')
#1 /Applications/MAMP/htdocs/yii-1.1.14/framework/web/CAssetManager.php(217): CAssetManager->getBasePath()
#2 /Applications/MAMP/htdocs/yii-1.1.14/framework/web/CClientScript.php(510): CAssetManager->publish('/Applications/M...')
#3 /Applications/MAMP/htdocs/yii-1.1.14/framework/web/CClientScript.php(547): CClientScript->getCoreScriptUrl()
#4 /Applications/MAMP/htdocs/yii-1.1.14/framework/web/CClientScript.php(348): CClientScript->getPackageBaseUrl('jquery')
#5 /Applications/MAMP/htdocs/yii-1.1.14/framework/web/CClientScript.php(208): CClientScript->renderCoreScripts()
#6 /Applications/MAMP/htdocs/yii-1.1.14/framework/web/CController.php(351): CClientScript->render('<!DOCTYPE html ...')
#7 /Applications/MAMP/htdocs/yii-1.1.14/framework/web/CController.php(788): CController->processOutput('<!DOCTYPE html ...')
#8 /Applications/MAMP/htdocs/iris/protected/controllers/SiteController.php(126): CController->render('signup', Array)
#9 /Applications/MAMP/htdocs/yii-1.1.14/framework/web/actions/CInlineAction.php(49): SiteController->actionSignup()
#10 /Applications/MAMP/htdocs/yii-1.1.14/framework/web/CController.php(308): CInlineAction->runWithParams(Array)
#11 /Applications/MAMP/htdocs/yii-1.1.14/framework/web/CController.php(286): CController->runAction(Object(CInlineAction))
#12 /Applications/MAMP/htdocs/yii-1.1.14/framework/web/CController.php(265): CController->runActionWithFilters(Object(CInlineAction), Array)
#13 /Applications/MAMP/htdocs/yii-1.1.14/framework/web/CWebApplication.php(282): CController->run('signup')
#14 /Applications/MAMP/htdocs/yii-1.1.14/framework/web/CWebApplication.php(141): CWebApplication->runController('site/signup')
#15 /Applications/MAMP/htdocs/yii-1.1.14/framework/base/CApplication.php(180): CWebApplication->processRequest()
#16 /Applications/MAMP/htdocs/iris/index.php(13): CApplication->run()
#17 {main}
REQUEST_URI=/iris/index.php/site/signup
---
2014/08/19 11:57:00 [error] [exception.CException] exception 'CException' with message 'CAssetManager.basePath "/Applications/MAMP/htdocs/iris/assets" is invalid. Please make sure the directory exists and is writable by the Web server process.' in /Applications/MAMP/htdocs/yii-1.1.14/framework/web/CAssetManager.php:138
Stack trace:
#0 /Applications/MAMP/htdocs/yii-1.1.14/framework/web/CAssetManager.php(123): CAssetManager->setBasePath('/Applications/M...')
#1 /Applications/MAMP/htdocs/yii-1.1.14/framework/web/CAssetManager.php(217): CAssetManager->getBasePath()
#2 /Applications/MAMP/htdocs/yii-1.1.14/framework/web/CClientScript.php(510): CAssetManager->publish('/Applications/M...')
#3 /Applications/MAMP/htdocs/yii-1.1.14/framework/web/CClientScript.php(547): CClientScript->getCoreScriptUrl()
#4 /Applications/MAMP/htdocs/yii-1.1.14/framework/web/CClientScript.php(348): CClientScript->getPackageBaseUrl('jquery')
#5 /Applications/MAMP/htdocs/yii-1.1.14/framework/web/CClientScript.php(208): CClientScript->renderCoreScripts()
#6 /Applications/MAMP/htdocs/yii-1.1.14/framework/web/CController.php(351): CClientScript->render('<!DOCTYPE html ...')
#7 /Applications/MAMP/htdocs/yii-1.1.14/framework/web/CController.php(788): CController->processOutput('<!DOCTYPE html ...')
#8 /Applications/MAMP/htdocs/iris/protected/controllers/SiteController.php(126): CController->render('signup', Array)
#9 /Applications/MAMP/htdocs/yii-1.1.14/framework/web/actions/CInlineAction.php(49): SiteController->actionSignup()
#10 /Applications/MAMP/htdocs/yii-1.1.14/framework/web/CController.php(308): CInlineAction->runWithParams(Array)
#11 /Applications/MAMP/htdocs/yii-1.1.14/framework/web/CController.php(286): CController->runAction(Object(CInlineAction))
#12 /Applications/MAMP/htdocs/yii-1.1.14/framework/web/CController.php(265): CController->runActionWithFilters(Object(CInlineAction), Array)
#13 /Applications/MAMP/htdocs/yii-1.1.14/framework/web/CWebApplication.php(282): CController->run('signup')
#14 /Applications/MAMP/htdocs/yii-1.1.14/framework/web/CWebApplication.php(141): CWebApplication->runController('site/signup')
#15 /Applications/MAMP/htdocs/yii-1.1.14/framework/base/CApplication.php(180): CWebApplication->processRequest()
#16 /Applications/MAMP/htdocs/iris/index.php(13): CApplication->run()
#17 {main}
REQUEST_URI=/iris/index.php/site/signup
---
2014/08/19 11:57:55 [error] [exception.CException] exception 'CException' with message 'CAssetManager.basePath "/Applications/MAMP/htdocs/iris/assets" is invalid. Please make sure the directory exists and is writable by the Web server process.' in /Applications/MAMP/htdocs/yii-1.1.14/framework/web/CAssetManager.php:138
Stack trace:
#0 /Applications/MAMP/htdocs/yii-1.1.14/framework/web/CAssetManager.php(123): CAssetManager->setBasePath('/Applications/M...')
#1 /Applications/MAMP/htdocs/yii-1.1.14/framework/web/CAssetManager.php(217): CAssetManager->getBasePath()
#2 /Applications/MAMP/htdocs/yii-1.1.14/framework/web/CClientScript.php(510): CAssetManager->publish('/Applications/M...')
#3 /Applications/MAMP/htdocs/yii-1.1.14/framework/web/CClientScript.php(547): CClientScript->getCoreScriptUrl()
#4 /Applications/MAMP/htdocs/yii-1.1.14/framework/web/CClientScript.php(348): CClientScript->getPackageBaseUrl('jquery')
#5 /Applications/MAMP/htdocs/yii-1.1.14/framework/web/CClientScript.php(208): CClientScript->renderCoreScripts()
#6 /Applications/MAMP/htdocs/yii-1.1.14/framework/web/CController.php(351): CClientScript->render('<!DOCTYPE html ...')
#7 /Applications/MAMP/htdocs/yii-1.1.14/framework/web/CController.php(788): CController->processOutput('<!DOCTYPE html ...')
#8 /Applications/MAMP/htdocs/iris/protected/controllers/SiteController.php(126): CController->render('signup', Array)
#9 /Applications/MAMP/htdocs/yii-1.1.14/framework/web/actions/CInlineAction.php(49): SiteController->actionSignup()
#10 /Applications/MAMP/htdocs/yii-1.1.14/framework/web/CController.php(308): CInlineAction->runWithParams(Array)
#11 /Applications/MAMP/htdocs/yii-1.1.14/framework/web/CController.php(286): CController->runAction(Object(CInlineAction))
#12 /Applications/MAMP/htdocs/yii-1.1.14/framework/web/CController.php(265): CController->runActionWithFilters(Object(CInlineAction), Array)
#13 /Applications/MAMP/htdocs/yii-1.1.14/framework/web/CWebApplication.php(282): CController->run('signup')
#14 /Applications/MAMP/htdocs/yii-1.1.14/framework/web/CWebApplication.php(141): CWebApplication->runController('site/signup')
#15 /Applications/MAMP/htdocs/yii-1.1.14/framework/base/CApplication.php(180): CWebApplication->processRequest()
#16 /Applications/MAMP/htdocs/iris/index.php(13): CApplication->run()
#17 {main}
REQUEST_URI=/iris/index.php/site/signup
---
2014/08/19 11:58:39 [error] [exception.CException] exception 'CException' with message 'CAssetManager.basePath "/Applications/MAMP/htdocs/iris/assets" is invalid. Please make sure the directory exists and is writable by the Web server process.' in /Applications/MAMP/htdocs/yii-1.1.14/framework/web/CAssetManager.php:138
Stack trace:
#0 /Applications/MAMP/htdocs/yii-1.1.14/framework/web/CAssetManager.php(123): CAssetManager->setBasePath('/Applications/M...')
#1 /Applications/MAMP/htdocs/yii-1.1.14/framework/web/CAssetManager.php(217): CAssetManager->getBasePath()
#2 /Applications/MAMP/htdocs/yii-1.1.14/framework/web/CClientScript.php(510): CAssetManager->publish('/Applications/M...')
#3 /Applications/MAMP/htdocs/yii-1.1.14/framework/web/CClientScript.php(547): CClientScript->getCoreScriptUrl()
#4 /Applications/MAMP/htdocs/yii-1.1.14/framework/web/CClientScript.php(348): CClientScript->getPackageBaseUrl('jquery')
#5 /Applications/MAMP/htdocs/yii-1.1.14/framework/web/CClientScript.php(208): CClientScript->renderCoreScripts()
#6 /Applications/MAMP/htdocs/yii-1.1.14/framework/web/CController.php(351): CClientScript->render('<!DOCTYPE html ...')
#7 /Applications/MAMP/htdocs/yii-1.1.14/framework/web/CController.php(788): CController->processOutput('<!DOCTYPE html ...')
#8 /Applications/MAMP/htdocs/iris/protected/controllers/SiteController.php(126): CController->render('signup', Array)
#9 /Applications/MAMP/htdocs/yii-1.1.14/framework/web/actions/CInlineAction.php(49): SiteController->actionSignup()
#10 /Applications/MAMP/htdocs/yii-1.1.14/framework/web/CController.php(308): CInlineAction->runWithParams(Array)
#11 /Applications/MAMP/htdocs/yii-1.1.14/framework/web/CController.php(286): CController->runAction(Object(CInlineAction))
#12 /Applications/MAMP/htdocs/yii-1.1.14/framework/web/CController.php(265): CController->runActionWithFilters(Object(CInlineAction), Array)
#13 /Applications/MAMP/htdocs/yii-1.1.14/framework/web/CWebApplication.php(282): CController->run('signup')
#14 /Applications/MAMP/htdocs/yii-1.1.14/framework/web/CWebApplication.php(141): CWebApplication->runController('site/signup')
#15 /Applications/MAMP/htdocs/yii-1.1.14/framework/base/CApplication.php(180): CWebApplication->processRequest()
#16 /Applications/MAMP/htdocs/iris/index.php(13): CApplication->run()
#17 {main}
REQUEST_URI=/iris/index.php/site/signup
---
2014/08/19 12:03:01 [error] [exception.CException] exception 'CException' with message 'CAssetManager.basePath "/Applications/MAMP/htdocs/iris/assets" is invalid. Please make sure the directory exists and is writable by the Web server process.' in /Applications/MAMP/htdocs/yii-1.1.14/framework/web/CAssetManager.php:138
Stack trace:
#0 /Applications/MAMP/htdocs/yii-1.1.14/framework/web/CAssetManager.php(123): CAssetManager->setBasePath('/Applications/M...')
#1 /Applications/MAMP/htdocs/yii-1.1.14/framework/web/CAssetManager.php(217): CAssetManager->getBasePath()
#2 /Applications/MAMP/htdocs/yii-1.1.14/framework/web/CClientScript.php(510): CAssetManager->publish('/Applications/M...')
#3 /Applications/MAMP/htdocs/yii-1.1.14/framework/web/CClientScript.php(547): CClientScript->getCoreScriptUrl()
#4 /Applications/MAMP/htdocs/yii-1.1.14/framework/web/CClientScript.php(348): CClientScript->getPackageBaseUrl('jquery')
#5 /Applications/MAMP/htdocs/yii-1.1.14/framework/web/CClientScript.php(208): CClientScript->renderCoreScripts()
#6 /Applications/MAMP/htdocs/yii-1.1.14/framework/web/CController.php(351): CClientScript->render('<!DOCTYPE html ...')
#7 /Applications/MAMP/htdocs/yii-1.1.14/framework/web/CController.php(788): CController->processOutput('<!DOCTYPE html ...')
#8 /Applications/MAMP/htdocs/iris/protected/controllers/SiteController.php(126): CController->render('signup', Array)
#9 /Applications/MAMP/htdocs/yii-1.1.14/framework/web/actions/CInlineAction.php(49): SiteController->actionSignup()
#10 /Applications/MAMP/htdocs/yii-1.1.14/framework/web/CController.php(308): CInlineAction->runWithParams(Array)
#11 /Applications/MAMP/htdocs/yii-1.1.14/framework/web/CController.php(286): CController->runAction(Object(CInlineAction))
#12 /Applications/MAMP/htdocs/yii-1.1.14/framework/web/CController.php(265): CController->runActionWithFilters(Object(CInlineAction), Array)
#13 /Applications/MAMP/htdocs/yii-1.1.14/framework/web/CWebApplication.php(282): CController->run('signup')
#14 /Applications/MAMP/htdocs/yii-1.1.14/framework/web/CWebApplication.php(141): CWebApplication->runController('site/signup')
#15 /Applications/MAMP/htdocs/yii-1.1.14/framework/base/CApplication.php(180): CWebApplication->processRequest()
#16 /Applications/MAMP/htdocs/iris/index.php(13): CApplication->run()
#17 {main}
REQUEST_URI=/iris/index.php/site/signup
---
2014/08/19 12:05:00 [error] [exception.CException] exception 'CException' with message 'CAssetManager.basePath "/Applications/MAMP/htdocs/iris/assets" is invalid. Please make sure the directory exists and is writable by the Web server process.' in /Applications/MAMP/htdocs/yii-1.1.14/framework/web/CAssetManager.php:138
Stack trace:
#0 /Applications/MAMP/htdocs/yii-1.1.14/framework/web/CAssetManager.php(123): CAssetManager->setBasePath('/Applications/M...')
#1 /Applications/MAMP/htdocs/yii-1.1.14/framework/web/CAssetManager.php(217): CAssetManager->getBasePath()
#2 /Applications/MAMP/htdocs/yii-1.1.14/framework/web/CClientScript.php(510): CAssetManager->publish('/Applications/M...')
#3 /Applications/MAMP/htdocs/yii-1.1.14/framework/web/CClientScript.php(547): CClientScript->getCoreScriptUrl()
#4 /Applications/MAMP/htdocs/yii-1.1.14/framework/web/CClientScript.php(348): CClientScript->getPackageBaseUrl('jquery')
#5 /Applications/MAMP/htdocs/yii-1.1.14/framework/web/CClientScript.php(208): CClientScript->renderCoreScripts()
#6 /Applications/MAMP/htdocs/yii-1.1.14/framework/web/CController.php(351): CClientScript->render('<!DOCTYPE html ...')
#7 /Applications/MAMP/htdocs/yii-1.1.14/framework/web/CController.php(788): CController->processOutput('<!DOCTYPE html ...')
#8 /Applications/MAMP/htdocs/iris/protected/controllers/SiteController.php(126): CController->render('signup', Array)
#9 /Applications/MAMP/htdocs/yii-1.1.14/framework/web/actions/CInlineAction.php(49): SiteController->actionSignup()
#10 /Applications/MAMP/htdocs/yii-1.1.14/framework/web/CController.php(308): CInlineAction->runWithParams(Array)
#11 /Applications/MAMP/htdocs/yii-1.1.14/framework/web/CController.php(286): CController->runAction(Object(CInlineAction))
#12 /Applications/MAMP/htdocs/yii-1.1.14/framework/web/CController.php(265): CController->runActionWithFilters(Object(CInlineAction), Array)
#13 /Applications/MAMP/htdocs/yii-1.1.14/framework/web/CWebApplication.php(282): CController->run('signup')
#14 /Applications/MAMP/htdocs/yii-1.1.14/framework/web/CWebApplication.php(141): CWebApplication->runController('site/signup')
#15 /Applications/MAMP/htdocs/yii-1.1.14/framework/base/CApplication.php(180): CWebApplication->processRequest()
#16 /Applications/MAMP/htdocs/iris/index.php(13): CApplication->run()
#17 {main}
REQUEST_URI=/iris/index.php/site/signup
HTTP_REFERER=http://localhost:8888/iris/index.php/site/signup
---
2014/08/19 12:06:03 [error] [exception.CException] exception 'CException' with message 'CAssetManager.basePath "/Applications/MAMP/htdocs/iris/assets" is invalid. Please make sure the directory exists and is writable by the Web server process.' in /Applications/MAMP/htdocs/yii-1.1.14/framework/web/CAssetManager.php:138
Stack trace:
#0 /Applications/MAMP/htdocs/yii-1.1.14/framework/web/CAssetManager.php(123): CAssetManager->setBasePath('/Applications/M...')
#1 /Applications/MAMP/htdocs/yii-1.1.14/framework/web/CAssetManager.php(217): CAssetManager->getBasePath()
#2 /Applications/MAMP/htdocs/yii-1.1.14/framework/web/CClientScript.php(510): CAssetManager->publish('/Applications/M...')
#3 /Applications/MAMP/htdocs/yii-1.1.14/framework/web/CClientScript.php(547): CClientScript->getCoreScriptUrl()
#4 /Applications/MAMP/htdocs/yii-1.1.14/framework/web/CClientScript.php(348): CClientScript->getPackageBaseUrl('jquery')
#5 /Applications/MAMP/htdocs/yii-1.1.14/framework/web/CClientScript.php(208): CClientScript->renderCoreScripts()
#6 /Applications/MAMP/htdocs/yii-1.1.14/framework/web/CController.php(351): CClientScript->render('<!DOCTYPE html ...')
#7 /Applications/MAMP/htdocs/yii-1.1.14/framework/web/CController.php(788): CController->processOutput('<!DOCTYPE html ...')
#8 /Applications/MAMP/htdocs/iris/protected/controllers/SiteController.php(126): CController->render('signup', Array)
#9 /Applications/MAMP/htdocs/yii-1.1.14/framework/web/actions/CInlineAction.php(49): SiteController->actionSignup()
#10 /Applications/MAMP/htdocs/yii-1.1.14/framework/web/CController.php(308): CInlineAction->runWithParams(Array)
#11 /Applications/MAMP/htdocs/yii-1.1.14/framework/web/CController.php(286): CController->runAction(Object(CInlineAction))
#12 /Applications/MAMP/htdocs/yii-1.1.14/framework/web/CController.php(265): CController->runActionWithFilters(Object(CInlineAction), Array)
#13 /Applications/MAMP/htdocs/yii-1.1.14/framework/web/CWebApplication.php(282): CController->run('signup')
#14 /Applications/MAMP/htdocs/yii-1.1.14/framework/web/CWebApplication.php(141): CWebApplication->runController('site/signup')
#15 /Applications/MAMP/htdocs/yii-1.1.14/framework/base/CApplication.php(180): CWebApplication->processRequest()
#16 /Applications/MAMP/htdocs/iris/index.php(13): CApplication->run()
#17 {main}
REQUEST_URI=/iris/index.php/site/signup
HTTP_REFERER=http://localhost:8888/iris/index.php/site/signup
---
2014/08/19 12:06:12 [error] [exception.CException] exception 'CException' with message 'CAssetManager.basePath "/Applications/MAMP/htdocs/iris/assets" is invalid. Please make sure the directory exists and is writable by the Web server process.' in /Applications/MAMP/htdocs/yii-1.1.14/framework/web/CAssetManager.php:138
Stack trace:
#0 /Applications/MAMP/htdocs/yii-1.1.14/framework/web/CAssetManager.php(123): CAssetManager->setBasePath('/Applications/M...')
#1 /Applications/MAMP/htdocs/yii-1.1.14/framework/web/CAssetManager.php(217): CAssetManager->getBasePath()
#2 /Applications/MAMP/htdocs/yii-1.1.14/framework/web/CClientScript.php(510): CAssetManager->publish('/Applications/M...')
#3 /Applications/MAMP/htdocs/yii-1.1.14/framework/web/CClientScript.php(547): CClientScript->getCoreScriptUrl()
#4 /Applications/MAMP/htdocs/yii-1.1.14/framework/web/CClientScript.php(348): CClientScript->getPackageBaseUrl('jquery')
#5 /Applications/MAMP/htdocs/yii-1.1.14/framework/web/CClientScript.php(208): CClientScript->renderCoreScripts()
#6 /Applications/MAMP/htdocs/yii-1.1.14/framework/web/CController.php(351): CClientScript->render('<!DOCTYPE html ...')
#7 /Applications/MAMP/htdocs/yii-1.1.14/framework/web/CController.php(788): CController->processOutput('<!DOCTYPE html ...')
#8 /Applications/MAMP/htdocs/iris/protected/controllers/SiteController.php(126): CController->render('signup', Array)
#9 /Applications/MAMP/htdocs/yii-1.1.14/framework/web/actions/CInlineAction.php(49): SiteController->actionSignup()
#10 /Applications/MAMP/htdocs/yii-1.1.14/framework/web/CController.php(308): CInlineAction->runWithParams(Array)
#11 /Applications/MAMP/htdocs/yii-1.1.14/framework/web/CController.php(286): CController->runAction(Object(CInlineAction))
#12 /Applications/MAMP/htdocs/yii-1.1.14/framework/web/CController.php(265): CController->runActionWithFilters(Object(CInlineAction), Array)
#13 /Applications/MAMP/htdocs/yii-1.1.14/framework/web/CWebApplication.php(282): CController->run('signup')
#14 /Applications/MAMP/htdocs/yii-1.1.14/framework/web/CWebApplication.php(141): CWebApplication->runController('site/signup')
#15 /Applications/MAMP/htdocs/yii-1.1.14/framework/base/CApplication.php(180): CWebApplication->processRequest()
#16 /Applications/MAMP/htdocs/iris/index.php(13): CApplication->run()
#17 {main}
REQUEST_URI=/iris/index.php/site/signup
HTTP_REFERER=http://localhost:8888/iris/index.php/site/signup
---
2014/08/19 12:06:42 [error] [exception.CException] exception 'CException' with message 'CAssetManager.basePath "/Applications/MAMP/htdocs/iris/assets" is invalid. Please make sure the directory exists and is writable by the Web server process.' in /Applications/MAMP/htdocs/yii-1.1.14/framework/web/CAssetManager.php:138
Stack trace:
#0 /Applications/MAMP/htdocs/yii-1.1.14/framework/web/CAssetManager.php(123): CAssetManager->setBasePath('/Applications/M...')
#1 /Applications/MAMP/htdocs/yii-1.1.14/framework/web/CAssetManager.php(217): CAssetManager->getBasePath()
#2 /Applications/MAMP/htdocs/yii-1.1.14/framework/web/CClientScript.php(510): CAssetManager->publish('/Applications/M...')
#3 /Applications/MAMP/htdocs/yii-1.1.14/framework/web/CClientScript.php(547): CClientScript->getCoreScriptUrl()
#4 /Applications/MAMP/htdocs/yii-1.1.14/framework/web/CClientScript.php(348): CClientScript->getPackageBaseUrl('jquery')
#5 /Applications/MAMP/htdocs/yii-1.1.14/framework/web/CClientScript.php(208): CClientScript->renderCoreScripts()
#6 /Applications/MAMP/htdocs/yii-1.1.14/framework/web/CController.php(351): CClientScript->render('<!DOCTYPE html ...')
#7 /Applications/MAMP/htdocs/yii-1.1.14/framework/web/CController.php(788): CController->processOutput('<!DOCTYPE html ...')
#8 /Applications/MAMP/htdocs/iris/protected/controllers/SiteController.php(126): CController->render('signup', Array)
#9 /Applications/MAMP/htdocs/yii-1.1.14/framework/web/actions/CInlineAction.php(49): SiteController->actionSignup()
#10 /Applications/MAMP/htdocs/yii-1.1.14/framework/web/CController.php(308): CInlineAction->runWithParams(Array)
#11 /Applications/MAMP/htdocs/yii-1.1.14/framework/web/CController.php(286): CController->runAction(Object(CInlineAction))
#12 /Applications/MAMP/htdocs/yii-1.1.14/framework/web/CController.php(265): CController->runActionWithFilters(Object(CInlineAction), Array)
#13 /Applications/MAMP/htdocs/yii-1.1.14/framework/web/CWebApplication.php(282): CController->run('signup')
#14 /Applications/MAMP/htdocs/yii-1.1.14/framework/web/CWebApplication.php(141): CWebApplication->runController('site/signup')
#15 /Applications/MAMP/htdocs/yii-1.1.14/framework/base/CApplication.php(180): CWebApplication->processRequest()
#16 /Applications/MAMP/htdocs/iris/index.php(13): CApplication->run()
#17 {main}
REQUEST_URI=/iris/index.php/site/signup
HTTP_REFERER=http://localhost:8888/iris/index.php/site/signup
---
2014/08/19 12:07:34 [error] [exception.CException] exception 'CException' with message 'CAssetManager.basePath "/Applications/MAMP/htdocs/iris/assets" is invalid. Please make sure the directory exists and is writable by the Web server process.' in /Applications/MAMP/htdocs/yii-1.1.14/framework/web/CAssetManager.php:138
Stack trace:
#0 /Applications/MAMP/htdocs/yii-1.1.14/framework/web/CAssetManager.php(123): CAssetManager->setBasePath('/Applications/M...')
#1 /Applications/MAMP/htdocs/yii-1.1.14/framework/web/CAssetManager.php(217): CAssetManager->getBasePath()
#2 /Applications/MAMP/htdocs/yii-1.1.14/framework/web/CClientScript.php(510): CAssetManager->publish('/Applications/M...')
#3 /Applications/MAMP/htdocs/yii-1.1.14/framework/web/CClientScript.php(547): CClientScript->getCoreScriptUrl()
#4 /Applications/MAMP/htdocs/yii-1.1.14/framework/web/CClientScript.php(348): CClientScript->getPackageBaseUrl('jquery')
#5 /Applications/MAMP/htdocs/yii-1.1.14/framework/web/CClientScript.php(208): CClientScript->renderCoreScripts()
#6 /Applications/MAMP/htdocs/yii-1.1.14/framework/web/CController.php(351): CClientScript->render('<!DOCTYPE html ...')
#7 /Applications/MAMP/htdocs/yii-1.1.14/framework/web/CController.php(788): CController->processOutput('<!DOCTYPE html ...')
#8 /Applications/MAMP/htdocs/iris/protected/controllers/SiteController.php(125): CController->render('signup', Array)
#9 /Applications/MAMP/htdocs/yii-1.1.14/framework/web/actions/CInlineAction.php(49): SiteController->actionSignup()
#10 /Applications/MAMP/htdocs/yii-1.1.14/framework/web/CController.php(308): CInlineAction->runWithParams(Array)
#11 /Applications/MAMP/htdocs/yii-1.1.14/framework/web/CController.php(286): CController->runAction(Object(CInlineAction))
#12 /Applications/MAMP/htdocs/yii-1.1.14/framework/web/CController.php(265): CController->runActionWithFilters(Object(CInlineAction), Array)
#13 /Applications/MAMP/htdocs/yii-1.1.14/framework/web/CWebApplication.php(282): CController->run('signup')
#14 /Applications/MAMP/htdocs/yii-1.1.14/framework/web/CWebApplication.php(141): CWebApplication->runController('site/signup')
#15 /Applications/MAMP/htdocs/yii-1.1.14/framework/base/CApplication.php(180): CWebApplication->processRequest()
#16 /Applications/MAMP/htdocs/iris/index.php(13): CApplication->run()
#17 {main}
REQUEST_URI=/iris/index.php/site/signup
HTTP_REFERER=http://localhost:8888/iris/index.php/site/signup
---
2014/08/19 12:08:03 [error] [exception.CException] exception 'CException' with message 'CAssetManager.basePath "/Applications/MAMP/htdocs/iris/assets" is invalid. Please make sure the directory exists and is writable by the Web server process.' in /Applications/MAMP/htdocs/yii-1.1.14/framework/web/CAssetManager.php:138
Stack trace:
#0 /Applications/MAMP/htdocs/yii-1.1.14/framework/web/CAssetManager.php(123): CAssetManager->setBasePath('/Applications/M...')
#1 /Applications/MAMP/htdocs/yii-1.1.14/framework/web/CAssetManager.php(217): CAssetManager->getBasePath()
#2 /Applications/MAMP/htdocs/yii-1.1.14/framework/web/CClientScript.php(510): CAssetManager->publish('/Applications/M...')
#3 /Applications/MAMP/htdocs/yii-1.1.14/framework/web/CClientScript.php(547): CClientScript->getCoreScriptUrl()
#4 /Applications/MAMP/htdocs/yii-1.1.14/framework/web/CClientScript.php(348): CClientScript->getPackageBaseUrl('jquery')
#5 /Applications/MAMP/htdocs/yii-1.1.14/framework/web/CClientScript.php(208): CClientScript->renderCoreScripts()
#6 /Applications/MAMP/htdocs/yii-1.1.14/framework/web/CController.php(351): CClientScript->render('<!DOCTYPE html ...')
#7 /Applications/MAMP/htdocs/yii-1.1.14/framework/web/CController.php(788): CController->processOutput('<!DOCTYPE html ...')
#8 /Applications/MAMP/htdocs/iris/protected/controllers/SiteController.php(125): CController->render('signup', Array)
#9 /Applications/MAMP/htdocs/yii-1.1.14/framework/web/actions/CInlineAction.php(49): SiteController->actionSignup()
#10 /Applications/MAMP/htdocs/yii-1.1.14/framework/web/CController.php(308): CInlineAction->runWithParams(Array)
#11 /Applications/MAMP/htdocs/yii-1.1.14/framework/web/CController.php(286): CController->runAction(Object(CInlineAction))
#12 /Applications/MAMP/htdocs/yii-1.1.14/framework/web/CController.php(265): CController->runActionWithFilters(Object(CInlineAction), Array)
#13 /Applications/MAMP/htdocs/yii-1.1.14/framework/web/CWebApplication.php(282): CController->run('signup')
#14 /Applications/MAMP/htdocs/yii-1.1.14/framework/web/CWebApplication.php(141): CWebApplication->runController('site/signup')
#15 /Applications/MAMP/htdocs/yii-1.1.14/framework/base/CApplication.php(180): CWebApplication->processRequest()
#16 /Applications/MAMP/htdocs/iris/index.php(13): CApplication->run()
#17 {main}
REQUEST_URI=/iris/index.php/site/signup
HTTP_REFERER=http://localhost:8888/iris/index.php/site/signup
---
2014/08/19 12:08:40 [warning] [application] Failed to set unsafe attribute "password_repeat" of "Users".
in /Applications/MAMP/htdocs/iris/protected/controllers/SiteController.php (111)
in /Applications/MAMP/htdocs/iris/index.php (13)
2014/08/19 12:08:40 [warning] [application] Failed to set unsafe attribute "image" of "Users".
in /Applications/MAMP/htdocs/iris/protected/controllers/SiteController.php (111)
in /Applications/MAMP/htdocs/iris/index.php (13)
2014/08/19 12:09:04 [warning] [application] Failed to set unsafe attribute "password_repeat" of "Users".
in /Applications/MAMP/htdocs/iris/protected/controllers/SiteController.php (111)
in /Applications/MAMP/htdocs/iris/index.php (13)
2014/08/19 12:09:04 [warning] [application] Failed to set unsafe attribute "image" of "Users".
in /Applications/MAMP/htdocs/iris/protected/controllers/SiteController.php (111)
in /Applications/MAMP/htdocs/iris/index.php (13)
2014/08/19 12:20:00 [warning] [application] Failed to set unsafe attribute "password_repeat" of "Users".
in /Applications/MAMP/htdocs/iris/protected/controllers/SiteController.php (111)
in /Applications/MAMP/htdocs/iris/index.php (13)
2014/08/19 12:22:07 [warning] [application] Failed to set unsafe attribute "password_repeat" of "Users".
in /Applications/MAMP/htdocs/iris/protected/controllers/SiteController.php (111)
in /Applications/MAMP/htdocs/iris/index.php (13)
2014/08/19 12:37:16 [error] [exception.CException] exception 'CException' with message 'Property "Users.image" is not defined.' in /Applications/MAMP/htdocs/yii-1.1.14/framework/base/CComponent.php:173
Stack trace:
#0 /Applications/MAMP/htdocs/yii-1.1.14/framework/db/ar/CActiveRecord.php(161): CComponent->__set('image', NULL)
#1 /Applications/MAMP/htdocs/iris/protected/controllers/SiteController.php(121): CActiveRecord->__set('image', NULL)
#2 /Applications/MAMP/htdocs/yii-1.1.14/framework/web/actions/CInlineAction.php(49): SiteController->actionSignup()
#3 /Applications/MAMP/htdocs/yii-1.1.14/framework/web/CController.php(308): CInlineAction->runWithParams(Array)
#4 /Applications/MAMP/htdocs/yii-1.1.14/framework/web/CController.php(286): CController->runAction(Object(CInlineAction))
#5 /Applications/MAMP/htdocs/yii-1.1.14/framework/web/CController.php(265): CController->runActionWithFilters(Object(CInlineAction), Array)
#6 /Applications/MAMP/htdocs/yii-1.1.14/framework/web/CWebApplication.php(282): CController->run('signup')
#7 /Applications/MAMP/htdocs/yii-1.1.14/framework/web/CWebApplication.php(141): CWebApplication->runController('site/signup')
#8 /Applications/MAMP/htdocs/yii-1.1.14/framework/base/CApplication.php(180): CWebApplication->processRequest()
#9 /Applications/MAMP/htdocs/iris/index.php(13): CApplication->run()
#10 {main}
REQUEST_URI=/iris/index.php/site/signup
HTTP_REFERER=http://localhost:8888/iris/index.php/site/signup
---
2014/08/19 12:38:02 [error] [exception.CException] exception 'CException' with message 'Property "Users.image" is not defined.' in /Applications/MAMP/htdocs/yii-1.1.14/framework/base/CComponent.php:173
Stack trace:
#0 /Applications/MAMP/htdocs/yii-1.1.14/framework/db/ar/CActiveRecord.php(161): CComponent->__set('image', NULL)
#1 /Applications/MAMP/htdocs/iris/protected/controllers/SiteController.php(121): CActiveRecord->__set('image', NULL)
#2 /Applications/MAMP/htdocs/yii-1.1.14/framework/web/actions/CInlineAction.php(49): SiteController->actionSignup()
#3 /Applications/MAMP/htdocs/yii-1.1.14/framework/web/CController.php(308): CInlineAction->runWithParams(Array)
#4 /Applications/MAMP/htdocs/yii-1.1.14/framework/web/CController.php(286): CController->runAction(Object(CInlineAction))
#5 /Applications/MAMP/htdocs/yii-1.1.14/framework/web/CController.php(265): CController->runActionWithFilters(Object(CInlineAction), Array)
#6 /Applications/MAMP/htdocs/yii-1.1.14/framework/web/CWebApplication.php(282): CController->run('signup')
#7 /Applications/MAMP/htdocs/yii-1.1.14/framework/web/CWebApplication.php(141): CWebApplication->runController('site/signup')
#8 /Applications/MAMP/htdocs/yii-1.1.14/framework/base/CApplication.php(180): CWebApplication->processRequest()
#9 /Applications/MAMP/htdocs/iris/index.php(13): CApplication->run()
#10 {main}
REQUEST_URI=/iris/index.php/site/signup
HTTP_REFERER=http://localhost:8888/iris/index.php/site/signup
---
2014/08/19 12:38:28 [error] [exception.CException] exception 'CException' with message 'Property "Users.image" is not defined.' in /Applications/MAMP/htdocs/yii-1.1.14/framework/base/CComponent.php:130
Stack trace:
#0 /Applications/MAMP/htdocs/yii-1.1.14/framework/db/ar/CActiveRecord.php(145): CComponent->__get('image')
#1 /Applications/MAMP/htdocs/iris/protected/controllers/SiteController.php(125): CActiveRecord->__get('image')
#2 /Applications/MAMP/htdocs/yii-1.1.14/framework/web/actions/CInlineAction.php(49): SiteController->actionSignup()
#3 /Applications/MAMP/htdocs/yii-1.1.14/framework/web/CController.php(308): CInlineAction->runWithParams(Array)
#4 /Applications/MAMP/htdocs/yii-1.1.14/framework/web/CController.php(286): CController->runAction(Object(CInlineAction))
#5 /Applications/MAMP/htdocs/yii-1.1.14/framework/web/CController.php(265): CController->runActionWithFilters(Object(CInlineAction), Array)
#6 /Applications/MAMP/htdocs/yii-1.1.14/framework/web/CWebApplication.php(282): CController->run('signup')
#7 /Applications/MAMP/htdocs/yii-1.1.14/framework/web/CWebApplication.php(141): CWebApplication->runController('site/signup')
#8 /Applications/MAMP/htdocs/yii-1.1.14/framework/base/CApplication.php(180): CWebApplication->processRequest()
#9 /Applications/MAMP/htdocs/iris/index.php(13): CApplication->run()
#10 {main}
REQUEST_URI=/iris/index.php/site/signup
HTTP_REFERER=http://localhost:8888/iris/index.php/site/signup
---
2014/08/19 12:38:33 [error] [system.db.CDbCommand] CDbCommand::execute() failed: SQLSTATE[23000]: Integrity constraint violation: 1062 Duplicate entry 'k' for key 'email_address'. The SQL statement executed was: INSERT INTO `users` (`is_posted`, `username`, `email_address`, `password`, `caps`, `image_url`) VALUES (:yp0, :yp1, :yp2, :yp3, :yp4, :yp5).
in /Applications/MAMP/htdocs/iris/protected/controllers/SiteController.php (123)
in /Applications/MAMP/htdocs/iris/index.php (13)
2014/08/19 12:38:33 [error] [exception.CDbException] exception 'CDbException' with message 'CDbCommand failed to execute the SQL statement: SQLSTATE[23000]: Integrity constraint violation: 1062 Duplicate entry 'k' for key 'email_address'. The SQL statement executed was: INSERT INTO `users` (`is_posted`, `username`, `email_address`, `password`, `caps`, `image_url`) VALUES (:yp0, :yp1, :yp2, :yp3, :yp4, :yp5)' in /Applications/MAMP/htdocs/yii-1.1.14/framework/db/CDbCommand.php:358
Stack trace:
#0 /Applications/MAMP/htdocs/yii-1.1.14/framework/db/ar/CActiveRecord.php(1077): CDbCommand->execute()
#1 /Applications/MAMP/htdocs/yii-1.1.14/framework/db/ar/CActiveRecord.php(806): CActiveRecord->insert(NULL)
#2 /Applications/MAMP/htdocs/iris/protected/controllers/SiteController.php(123): CActiveRecord->save()
#3 /Applications/MAMP/htdocs/yii-1.1.14/framework/web/actions/CInlineAction.php(49): SiteController->actionSignup()
#4 /Applications/MAMP/htdocs/yii-1.1.14/framework/web/CController.php(308): CInlineAction->runWithParams(Array)
#5 /Applications/MAMP/htdocs/yii-1.1.14/framework/web/CController.php(286): CController->runAction(Object(CInlineAction))
#6 /Applications/MAMP/htdocs/yii-1.1.14/framework/web/CController.php(265): CController->runActionWithFilters(Object(CInlineAction), Array)
#7 /Applications/MAMP/htdocs/yii-1.1.14/framework/web/CWebApplication.php(282): CController->run('signup')
#8 /Applications/MAMP/htdocs/yii-1.1.14/framework/web/CWebApplication.php(141): CWebApplication->runController('site/signup')
#9 /Applications/MAMP/htdocs/yii-1.1.14/framework/base/CApplication.php(180): CWebApplication->processRequest()
#10 /Applications/MAMP/htdocs/iris/index.php(13): CApplication->run()
#11 {main}
REQUEST_URI=/iris/index.php/site/signup
HTTP_REFERER=http://localhost:8888/iris/index.php/site/signup
---
2014/08/19 12:39:33 [error] [system.db.CDbCommand] CDbCommand::execute() failed: SQLSTATE[23000]: Integrity constraint violation: 1062 Duplicate entry 'k' for key 'email_address'. The SQL statement executed was: INSERT INTO `users` (`is_posted`, `username`, `email_address`, `password`, `caps`, `image_url`) VALUES (:yp0, :yp1, :yp2, :yp3, :yp4, :yp5).
in /Applications/MAMP/htdocs/iris/protected/controllers/SiteController.php (123)
in /Applications/MAMP/htdocs/iris/index.php (13)
2014/08/19 12:39:33 [error] [exception.CDbException] exception 'CDbException' with message 'CDbCommand failed to execute the SQL statement: SQLSTATE[23000]: Integrity constraint violation: 1062 Duplicate entry 'k' for key 'email_address'. The SQL statement executed was: INSERT INTO `users` (`is_posted`, `username`, `email_address`, `password`, `caps`, `image_url`) VALUES (:yp0, :yp1, :yp2, :yp3, :yp4, :yp5)' in /Applications/MAMP/htdocs/yii-1.1.14/framework/db/CDbCommand.php:358
Stack trace:
#0 /Applications/MAMP/htdocs/yii-1.1.14/framework/db/ar/CActiveRecord.php(1077): CDbCommand->execute()
#1 /Applications/MAMP/htdocs/yii-1.1.14/framework/db/ar/CActiveRecord.php(806): CActiveRecord->insert(NULL)
#2 /Applications/MAMP/htdocs/iris/protected/controllers/SiteController.php(123): CActiveRecord->save()
#3 /Applications/MAMP/htdocs/yii-1.1.14/framework/web/actions/CInlineAction.php(49): SiteController->actionSignup()
#4 /Applications/MAMP/htdocs/yii-1.1.14/framework/web/CController.php(308): CInlineAction->runWithParams(Array)
#5 /Applications/MAMP/htdocs/yii-1.1.14/framework/web/CController.php(286): CController->runAction(Object(CInlineAction))
#6 /Applications/MAMP/htdocs/yii-1.1.14/framework/web/CController.php(265): CController->runActionWithFilters(Object(CInlineAction), Array)
#7 /Applications/MAMP/htdocs/yii-1.1.14/framework/web/CWebApplication.php(282): CController->run('signup')
#8 /Applications/MAMP/htdocs/yii-1.1.14/framework/web/CWebApplication.php(141): CWebApplication->runController('site/signup')
#9 /Applications/MAMP/htdocs/yii-1.1.14/framework/base/CApplication.php(180): CWebApplication->processRequest()
#10 /Applications/MAMP/htdocs/iris/index.php(13): CApplication->run()
#11 {main}
REQUEST_URI=/iris/index.php/site/signup
HTTP_REFERER=http://localhost:8888/iris/index.php/site/signup
---
2014/08/19 12:49:33 [error] [php] Undefined variable: rnd (/Applications/MAMP/htdocs/iris/protected/controllers/SiteController.php:122)
Stack trace:
#0 /Applications/MAMP/htdocs/yii-1.1.14/framework/web/CController.php(286): SiteController->runAction()
#1 /Applications/MAMP/htdocs/yii-1.1.14/framework/web/CController.php(265): SiteController->runActionWithFilters()
#2 /Applications/MAMP/htdocs/yii-1.1.14/framework/web/CWebApplication.php(282): SiteController->run()
#3 /Applications/MAMP/htdocs/yii-1.1.14/framework/web/CWebApplication.php(141): CWebApplication->runController()
#4 /Applications/MAMP/htdocs/yii-1.1.14/framework/base/CApplication.php(180): CWebApplication->processRequest()
#5 /Applications/MAMP/htdocs/iris/index.php(13): CWebApplication->run()
REQUEST_URI=/iris/index.php/site/signup
in /Applications/MAMP/htdocs/iris/protected/controllers/SiteController.php (122)
in /Applications/MAMP/htdocs/iris/index.php (13)
2014/08/19 12:58:51 [error] [system.db.CDbCommand] CDbCommand::execute() failed: SQLSTATE[23000]: Integrity constraint violation: 1062 Duplicate entry 'r' for key 'email_address'. The SQL statement executed was: INSERT INTO `users` (`is_posted`, `username`, `email_address`, `password`, `caps`, `image_url`) VALUES (:yp0, :yp1, :yp2, :yp3, :yp4, :yp5).
in /Applications/MAMP/htdocs/iris/protected/controllers/SiteController.php (126)
in /Applications/MAMP/htdocs/iris/index.php (13)
2014/08/19 12:58:51 [error] [exception.CDbException] exception 'CDbException' with message 'CDbCommand failed to execute the SQL statement: SQLSTATE[23000]: Integrity constraint violation: 1062 Duplicate entry 'r' for key 'email_address'. The SQL statement executed was: INSERT INTO `users` (`is_posted`, `username`, `email_address`, `password`, `caps`, `image_url`) VALUES (:yp0, :yp1, :yp2, :yp3, :yp4, :yp5)' in /Applications/MAMP/htdocs/yii-1.1.14/framework/db/CDbCommand.php:358
Stack trace:
#0 /Applications/MAMP/htdocs/yii-1.1.14/framework/db/ar/CActiveRecord.php(1077): CDbCommand->execute()
#1 /Applications/MAMP/htdocs/yii-1.1.14/framework/db/ar/CActiveRecord.php(806): CActiveRecord->insert(NULL)
#2 /Applications/MAMP/htdocs/iris/protected/controllers/SiteController.php(126): CActiveRecord->save()
#3 /Applications/MAMP/htdocs/yii-1.1.14/framework/web/actions/CInlineAction.php(49): SiteController->actionSignup()
#4 /Applications/MAMP/htdocs/yii-1.1.14/framework/web/CController.php(308): CInlineAction->runWithParams(Array)
#5 /Applications/MAMP/htdocs/yii-1.1.14/framework/web/CController.php(286): CController->runAction(Object(CInlineAction))
#6 /Applications/MAMP/htdocs/yii-1.1.14/framework/web/CController.php(265): CController->runActionWithFilters(Object(CInlineAction), Array)
#7 /Applications/MAMP/htdocs/yii-1.1.14/framework/web/CWebApplication.php(282): CController->run('signup')
#8 /Applications/MAMP/htdocs/yii-1.1.14/framework/web/CWebApplication.php(141): CWebApplication->runController('site/signup')
#9 /Applications/MAMP/htdocs/yii-1.1.14/framework/base/CApplication.php(180): CWebApplication->processRequest()
#10 /Applications/MAMP/htdocs/iris/index.php(13): CApplication->run()
#11 {main}
REQUEST_URI=/iris/index.php/site/signup
HTTP_REFERER=http://localhost:8888/iris/index.php/site/signup
---
2014/08/19 12:59:10 [error] [system.db.CDbCommand] CDbCommand::execute() failed: SQLSTATE[23000]: Integrity constraint violation: 1062 Duplicate entry 'r' for key 'email_address'. The SQL statement executed was: INSERT INTO `users` (`is_posted`, `username`, `email_address`, `password`, `caps`, `image_url`) VALUES (:yp0, :yp1, :yp2, :yp3, :yp4, :yp5).
in /Applications/MAMP/htdocs/iris/protected/controllers/SiteController.php (126)
in /Applications/MAMP/htdocs/iris/index.php (13)
2014/08/19 12:59:10 [error] [exception.CDbException] exception 'CDbException' with message 'CDbCommand failed to execute the SQL statement: SQLSTATE[23000]: Integrity constraint violation: 1062 Duplicate entry 'r' for key 'email_address'. The SQL statement executed was: INSERT INTO `users` (`is_posted`, `username`, `email_address`, `password`, `caps`, `image_url`) VALUES (:yp0, :yp1, :yp2, :yp3, :yp4, :yp5)' in /Applications/MAMP/htdocs/yii-1.1.14/framework/db/CDbCommand.php:358
Stack trace:
#0 /Applications/MAMP/htdocs/yii-1.1.14/framework/db/ar/CActiveRecord.php(1077): CDbCommand->execute()
#1 /Applications/MAMP/htdocs/yii-1.1.14/framework/db/ar/CActiveRecord.php(806): CActiveRecord->insert(NULL)
#2 /Applications/MAMP/htdocs/iris/protected/controllers/SiteController.php(126): CActiveRecord->save()
#3 /Applications/MAMP/htdocs/yii-1.1.14/framework/web/actions/CInlineAction.php(49): SiteController->actionSignup()
#4 /Applications/MAMP/htdocs/yii-1.1.14/framework/web/CController.php(308): CInlineAction->runWithParams(Array)
#5 /Applications/MAMP/htdocs/yii-1.1.14/framework/web/CController.php(286): CController->runAction(Object(CInlineAction))
#6 /Applications/MAMP/htdocs/yii-1.1.14/framework/web/CController.php(265): CController->runActionWithFilters(Object(CInlineAction), Array)
#7 /Applications/MAMP/htdocs/yii-1.1.14/framework/web/CWebApplication.php(282): CController->run('signup')
#8 /Applications/MAMP/htdocs/yii-1.1.14/framework/web/CWebApplication.php(141): CWebApplication->runController('site/signup')
#9 /Applications/MAMP/htdocs/yii-1.1.14/framework/base/CApplication.php(180): CWebApplication->processRequest()
#10 /Applications/MAMP/htdocs/iris/index.php(13): CApplication->run()
#11 {main}
REQUEST_URI=/iris/index.php/site/signup
HTTP_REFERER=http://localhost:8888/iris/index.php/site/signup
---
